<?xml version="1.0" ?>
<!DOCTYPE coverage SYSTEM "http://cobertura.sourceforge.net/xml/coverage-04.dtd">
<coverage lines-valid="1509" lines-covered="1368" line-rate="0.9065000000000001" branches-valid="487" branches-covered="386" branch-rate="0.7926000000000001" timestamp="1708518167539" complexity="0" version="0.1">
  <sources>
    <source>C:\dev\bookcars\src\api</source>
  </sources>
  <packages>
    <package name="src" line-rate="1" branch-rate="1">
      <classes>
        <class name="app.ts" filename="src\app.ts" line-rate="1" branch-rate="1">
          <methods>
          </methods>
          <lines>
            <line number="18" hits="6" branch="false"/>
            <line number="20" hits="6" branch="false"/>
            <line number="21" hits="6" branch="false"/>
            <line number="22" hits="6" branch="false"/>
            <line number="23" hits="6" branch="false"/>
            <line number="24" hits="6" branch="false"/>
            <line number="25" hits="6" branch="false"/>
            <line number="26" hits="6" branch="false"/>
            <line number="27" hits="6" branch="false"/>
            <line number="28" hits="6" branch="false"/>
            <line number="29" hits="6" branch="false"/>
            <line number="30" hits="6" branch="false"/>
            <line number="31" hits="6" branch="false"/>
            <line number="32" hits="6" branch="false"/>
            <line number="33" hits="6" branch="false"/>
            <line number="35" hits="6" branch="false"/>
            <line number="36" hits="6" branch="false"/>
            <line number="37" hits="6" branch="false"/>
            <line number="38" hits="6" branch="false"/>
            <line number="40" hits="6" branch="false"/>
            <line number="41" hits="6" branch="false"/>
            <line number="42" hits="6" branch="false"/>
            <line number="43" hits="6" branch="false"/>
            <line number="45" hits="6" branch="false"/>
            <line number="46" hits="6" branch="false"/>
            <line number="47" hits="6" branch="false"/>
            <line number="48" hits="6" branch="false"/>
            <line number="49" hits="6" branch="false"/>
            <line number="50" hits="6" branch="false"/>
            <line number="52" hits="6" branch="false"/>
            <line number="54" hits="6" branch="false"/>
            <line number="55" hits="6" branch="false"/>
            <line number="56" hits="6" branch="false"/>
            <line number="57" hits="6" branch="false"/>
          </lines>
        </class>
      </classes>
    </package>
    <package name="src.common" line-rate="0.826" branch-rate="0.5">
      <classes>
        <class name="DatabaseHelper.ts" filename="src\common\DatabaseHelper.ts" line-rate="0.75" branch-rate="0.5">
          <methods>
            <method name="Connect" hits="6" signature="()V">
              <lines>
                <line number="12" hits="6"/>
              </lines>
            </method>
            <method name="Close" hits="6" signature="()V">
              <lines>
                <line number="44" hits="6"/>
              </lines>
            </method>
          </methods>
          <lines>
            <line number="13" hits="6" branch="false"/>
            <line number="15" hits="6" branch="true" condition-coverage="50% (1/2)"/>
            <line number="16" hits="0" branch="false"/>
            <line number="23" hits="6" branch="false"/>
            <line number="24" hits="6" branch="false"/>
            <line number="26" hits="6" branch="false"/>
            <line number="27" hits="6" branch="false"/>
            <line number="28" hits="6" branch="false"/>
            <line number="29" hits="6" branch="false"/>
            <line number="31" hits="0" branch="false"/>
            <line number="32" hits="0" branch="false"/>
            <line number="45" hits="6" branch="false"/>
          </lines>
        </class>
        <class name="Helper.ts" filename="src\common\Helper.ts" line-rate="0.8518000000000001" branch-rate="0.5">
          <methods>
            <method name="StringToBoolean" hits="18" signature="()V">
              <lines>
                <line number="13" hits="18"/>
              </lines>
            </method>
            <method name="exists" hits="35" signature="()V">
              <lines>
                <line number="29" hits="35"/>
              </lines>
            </method>
            <method name="mkdir" hits="24" signature="()V">
              <lines>
                <line number="47" hits="24"/>
              </lines>
            </method>
            <method name="trim" hits="469" signature="()V">
              <lines>
                <line number="59" hits="469"/>
              </lines>
            </method>
            <method name="joinURL" hits="11" signature="()V">
              <lines>
                <line number="75" hits="11"/>
              </lines>
            </method>
            <method name="getFilenameWithoutExtension" hits="2" signature="()V">
              <lines>
                <line number="93" hits="2"/>
              </lines>
            </method>
            <method name="(anonymous_6)" hits="54" signature="()V">
              <lines>
                <line number="103" hits="54"/>
              </lines>
            </method>
            <method name="isBackend" hits="229" signature="()V">
              <lines>
                <line number="112" hits="229"/>
              </lines>
            </method>
            <method name="isFrontend" hits="229" signature="()V">
              <lines>
                <line number="123" hits="229"/>
              </lines>
            </method>
            <method name="(anonymous_9)" hits="105" signature="()V">
              <lines>
                <line number="133" hits="105"/>
              </lines>
            </method>
          </methods>
          <lines>
            <line number="14" hits="18" branch="false"/>
            <line number="15" hits="18" branch="false"/>
            <line number="17" hits="0" branch="false"/>
            <line number="30" hits="35" branch="false"/>
            <line number="31" hits="35" branch="false"/>
            <line number="32" hits="20" branch="false"/>
            <line number="34" hits="15" branch="false"/>
            <line number="48" hits="24" branch="false"/>
            <line number="60" hits="469" branch="false"/>
            <line number="61" hits="469" branch="false"/>
            <line number="62" hits="469" branch="false"/>
            <line number="64" hits="469" branch="false"/>
            <line number="76" hits="11" branch="false"/>
            <line number="77" hits="11" branch="false"/>
            <line number="79" hits="11" branch="true" condition-coverage="50% (1/2)"/>
            <line number="80" hits="0" branch="false"/>
            <line number="83" hits="11" branch="false"/>
            <line number="94" hits="2" branch="false"/>
            <line number="103" hits="54" branch="true" condition-coverage="50% (1/2)"/>
            <line number="113" hits="229" branch="false"/>
            <line number="124" hits="229" branch="false"/>
            <line number="133" hits="6" branch="false"/>
            <line number="134" hits="105" branch="true" condition-coverage="50% (1/2)"/>
            <line number="136" hits="0" branch="false"/>
            <line number="139" hits="105" branch="true" condition-coverage="50% (1/2)"/>
            <line number="141" hits="0" branch="false"/>
            <line number="145" hits="105" branch="false"/>
          </lines>
        </class>
        <class name="MailHelper.ts" filename="src\common\MailHelper.ts" line-rate="0.8571" branch-rate="0.5">
          <methods>
            <method name="sendMail" hits="18" signature="()V">
              <lines>
                <line number="12" hits="18"/>
              </lines>
            </method>
            <method name="(anonymous_1)" hits="18" signature="()V">
              <lines>
                <line number="24" hits="18"/>
              </lines>
            </method>
            <method name="(anonymous_2)" hits="18" signature="()V">
              <lines>
                <line number="25" hits="18"/>
              </lines>
            </method>
          </methods>
          <lines>
            <line number="13" hits="18" branch="false"/>
            <line number="22" hits="18" branch="false"/>
            <line number="24" hits="18" branch="false"/>
            <line number="25" hits="18" branch="false"/>
            <line number="26" hits="18" branch="true" condition-coverage="50% (1/2)"/>
            <line number="27" hits="0" branch="false"/>
            <line number="29" hits="18" branch="false"/>
          </lines>
        </class>
      </classes>
    </package>
    <package name="src.config" line-rate="0.95" branch-rate="0.5">
      <classes>
        <class name="app.config.ts" filename="src\config\app.config.ts" line-rate="1" branch-rate="0.5">
          <methods>
          </methods>
          <lines>
            <line number="3" hits="6" branch="true" condition-coverage="50% (1/2)"/>
          </lines>
        </class>
        <class name="bookingRoutes.config.ts" filename="src\config\bookingRoutes.config.ts" line-rate="1" branch-rate="1">
          <methods>
          </methods>
          <lines>
          </lines>
        </class>
        <class name="carRoutes.config.ts" filename="src\config\carRoutes.config.ts" line-rate="1" branch-rate="1">
          <methods>
          </methods>
          <lines>
          </lines>
        </class>
        <class name="env.config.ts" filename="src\config\env.config.ts" line-rate="0.9487000000000001" branch-rate="0.5">
          <methods>
            <method name="(anonymous_0)" hits="168" signature="()V">
              <lines>
                <line number="15" hits="168"/>
              </lines>
            </method>
          </methods>
          <lines>
            <line number="15" hits="6" branch="false"/>
            <line number="16" hits="168" branch="false"/>
            <line number="17" hits="168" branch="true" condition-coverage="75% (3/4)"/>
            <line number="18" hits="0" branch="false"/>
            <line number="20" hits="168" branch="true" condition-coverage="50% (1/2)"/>
            <line number="21" hits="0" branch="true" condition-coverage="0% (0/2)"/>
            <line number="23" hits="168" branch="false"/>
            <line number="31" hits="6" branch="false"/>
            <line number="38" hits="6" branch="false"/>
            <line number="45" hits="6" branch="false"/>
            <line number="52" hits="6" branch="false"/>
            <line number="59" hits="6" branch="false"/>
            <line number="66" hits="6" branch="false"/>
            <line number="73" hits="6" branch="false"/>
            <line number="80" hits="6" branch="false"/>
            <line number="87" hits="6" branch="false"/>
            <line number="94" hits="6" branch="false"/>
            <line number="102" hits="6" branch="false"/>
            <line number="115" hits="6" branch="false"/>
            <line number="122" hits="6" branch="false"/>
            <line number="129" hits="6" branch="false"/>
            <line number="136" hits="6" branch="false"/>
            <line number="143" hits="6" branch="false"/>
            <line number="150" hits="6" branch="false"/>
            <line number="157" hits="6" branch="false"/>
            <line number="164" hits="6" branch="false"/>
            <line number="171" hits="6" branch="false"/>
            <line number="178" hits="6" branch="false"/>
            <line number="185" hits="6" branch="false"/>
            <line number="192" hits="6" branch="false"/>
            <line number="199" hits="6" branch="false"/>
            <line number="206" hits="6" branch="false"/>
            <line number="213" hits="6" branch="false"/>
            <line number="220" hits="6" branch="false"/>
            <line number="227" hits="6" branch="false"/>
            <line number="234" hits="6" branch="false"/>
            <line number="241" hits="6" branch="false"/>
            <line number="248" hits="6" branch="false"/>
            <line number="255" hits="6" branch="false"/>
          </lines>
        </class>
        <class name="locationRoutes.config.ts" filename="src\config\locationRoutes.config.ts" line-rate="1" branch-rate="1">
          <methods>
          </methods>
          <lines>
          </lines>
        </class>
        <class name="notificationRoutes.config.ts" filename="src\config\notificationRoutes.config.ts" line-rate="1" branch-rate="1">
          <methods>
          </methods>
          <lines>
          </lines>
        </class>
        <class name="supplierRoutes.config.ts" filename="src\config\supplierRoutes.config.ts" line-rate="1" branch-rate="1">
          <methods>
          </methods>
          <lines>
          </lines>
        </class>
        <class name="userRoutes.config.ts" filename="src\config\userRoutes.config.ts" line-rate="1" branch-rate="1">
          <methods>
          </methods>
          <lines>
          </lines>
        </class>
      </classes>
    </package>
    <package name="src.controllers" line-rate="0.8993000000000001" branch-rate="0.8258">
      <classes>
        <class name="bookingController.ts" filename="src\controllers\bookingController.ts" line-rate="0.9962000000000001" branch-rate="0.8035">
          <methods>
            <method name="create" hits="2" signature="()V">
              <lines>
                <line number="30" hits="2"/>
              </lines>
            </method>
            <method name="notifySupplier" hits="4" signature="()V">
              <lines>
                <line number="59" hits="4"/>
              </lines>
            </method>
            <method name="checkout" hits="10" signature="()V">
              <lines>
                <line number="105" hits="10"/>
              </lines>
            </method>
            <method name="(anonymous_3)" hits="10" signature="()V">
              <lines>
                <line number="191" hits="10"/>
              </lines>
            </method>
            <method name="(anonymous_4)" hits="8" signature="()V">
              <lines>
                <line number="197" hits="8"/>
              </lines>
            </method>
            <method name="notifyDriver" hits="5" signature="()V">
              <lines>
                <line number="243" hits="5"/>
              </lines>
            </method>
            <method name="(anonymous_6)" hits="1" signature="()V">
              <lines>
                <line number="316" hits="1"/>
              </lines>
            </method>
            <method name="update" hits="9" signature="()V">
              <lines>
                <line number="346" hits="9"/>
              </lines>
            </method>
            <method name="updateStatus" hits="2" signature="()V">
              <lines>
                <line number="456" hits="2"/>
              </lines>
            </method>
            <method name="(anonymous_9)" hits="1" signature="()V">
              <lines>
                <line number="460" hits="1"/>
              </lines>
            </method>
            <method name="(anonymous_10)" hits="1" signature="()V">
              <lines>
                <line number="466" hits="1"/>
              </lines>
            </method>
            <method name="deleteBookings" hits="2" signature="()V">
              <lines>
                <line number="488" hits="2"/>
              </lines>
            </method>
            <method name="(anonymous_12)" hits="8" signature="()V">
              <lines>
                <line number="491" hits="8"/>
              </lines>
            </method>
            <method name="(anonymous_13)" hits="1" signature="()V">
              <lines>
                <line number="499" hits="1"/>
              </lines>
            </method>
            <method name="getBooking" hits="3" signature="()V">
              <lines>
                <line number="518" hits="3"/>
              </lines>
            </method>
            <method name="(anonymous_15)" hits="2" signature="()V">
              <lines>
                <line number="581" hits="2"/>
              </lines>
            </method>
            <method name="(anonymous_16)" hits="2" signature="()V">
              <lines>
                <line number="582" hits="2"/>
              </lines>
            </method>
            <method name="getBookings" hits="3" signature="()V">
              <lines>
                <line number="604" hits="3"/>
              </lines>
            </method>
            <method name="(anonymous_18)" hits="2" signature="()V">
              <lines>
                <line number="609" hits="2"/>
              </lines>
            </method>
            <method name="hasBookings" hits="3" signature="()V">
              <lines>
                <line number="813" hits="3"/>
              </lines>
            </method>
            <method name="cancelBooking" hits="3" signature="()V">
              <lines>
                <line number="844" hits="3"/>
              </lines>
            </method>
          </methods>
          <lines>
            <line number="31" hits="2" branch="false"/>
            <line number="32" hits="2" branch="false"/>
            <line number="33" hits="2" branch="true" condition-coverage="50% (1/2)"/>
            <line number="34" hits="1" branch="false"/>
            <line number="35" hits="1" branch="false"/>
            <line number="36" hits="1" branch="false"/>
            <line number="39" hits="1" branch="false"/>
            <line number="41" hits="1" branch="false"/>
            <line number="42" hits="1" branch="false"/>
            <line number="44" hits="1" branch="false"/>
            <line number="45" hits="1" branch="false"/>
            <line number="60" hits="4" branch="false"/>
            <line number="63" hits="4" branch="false"/>
            <line number="64" hits="4" branch="false"/>
            <line number="70" hits="4" branch="false"/>
            <line number="71" hits="4" branch="false"/>
            <line number="72" hits="4" branch="true" condition-coverage="100% (4/4)"/>
            <line number="73" hits="3" branch="false"/>
            <line number="74" hits="3" branch="false"/>
            <line number="76" hits="1" branch="false"/>
            <line number="77" hits="1" branch="false"/>
            <line number="81" hits="4" branch="false"/>
            <line number="93" hits="4" branch="false"/>
            <line number="106" hits="10" branch="false"/>
            <line number="108" hits="10" branch="false"/>
            <line number="109" hits="10" branch="false"/>
            <line number="111" hits="10" branch="true" condition-coverage="100% (2/2)"/>
            <line number="112" hits="1" branch="false"/>
            <line number="113" hits="1" branch="false"/>
            <line number="116" hits="9" branch="true" condition-coverage="100% (2/2)"/>
            <line number="117" hits="1" branch="false"/>
            <line number="118" hits="1" branch="false"/>
            <line number="119" hits="1" branch="false"/>
            <line number="121" hits="1" branch="false"/>
            <line number="122" hits="1" branch="false"/>
            <line number="124" hits="1" branch="false"/>
            <line number="125" hits="1" branch="false"/>
            <line number="127" hits="1" branch="false"/>
            <line number="129" hits="1" branch="false"/>
            <line number="140" hits="1" branch="false"/>
            <line number="142" hits="1" branch="false"/>
            <line number="144" hits="8" branch="false"/>
            <line number="147" hits="9" branch="true" condition-coverage="100% (2/2)"/>
            <line number="148" hits="1" branch="false"/>
            <line number="149" hits="1" branch="false"/>
            <line number="152" hits="8" branch="false"/>
            <line number="153" hits="8" branch="true" condition-coverage="50% (1/2)"/>
            <line number="154" hits="8" branch="false"/>
            <line number="155" hits="8" branch="false"/>
            <line number="159" hits="8" branch="true" condition-coverage="100% (4/4)"/>
            <line number="160" hits="1" branch="false"/>
            <line number="161" hits="1" branch="false"/>
            <line number="162" hits="1" branch="false"/>
            <line number="165" hits="8" branch="false"/>
            <line number="167" hits="8" branch="false"/>
            <line number="169" hits="7" branch="true" condition-coverage="50% (1/2)"/>
            <line number="170" hits="7" branch="false"/>
            <line number="178" hits="7" branch="false"/>
            <line number="179" hits="7" branch="false"/>
            <line number="180" hits="7" branch="false"/>
            <line number="181" hits="7" branch="true" condition-coverage="100% (2/2)"/>
            <line number="182" hits="1" branch="false"/>
            <line number="183" hits="1" branch="false"/>
            <line number="185" hits="6" branch="false"/>
            <line number="186" hits="6" branch="true" condition-coverage="100% (2/2)"/>
            <line number="187" hits="1" branch="false"/>
            <line number="188" hits="1" branch="false"/>
            <line number="191" hits="10" branch="false"/>
            <line number="192" hits="5" branch="false"/>
            <line number="193" hits="5" branch="true" condition-coverage="100% (2/2)"/>
            <line number="194" hits="1" branch="false"/>
            <line number="195" hits="1" branch="false"/>
            <line number="197" hits="8" branch="false"/>
            <line number="199" hits="4" branch="false"/>
            <line number="218" hits="4" branch="false"/>
            <line number="221" hits="4" branch="false"/>
            <line number="222" hits="4" branch="true" condition-coverage="100% (2/2)"/>
            <line number="223" hits="1" branch="false"/>
            <line number="224" hits="1" branch="false"/>
            <line number="226" hits="3" branch="false"/>
            <line number="227" hits="3" branch="false"/>
            <line number="229" hits="3" branch="false"/>
            <line number="231" hits="1" branch="false"/>
            <line number="232" hits="1" branch="false"/>
            <line number="244" hits="5" branch="false"/>
            <line number="245" hits="5" branch="true" condition-coverage="100% (2/2)"/>
            <line number="246" hits="1" branch="false"/>
            <line number="247" hits="1" branch="false"/>
            <line number="249" hits="4" branch="true" condition-coverage="50% (1/2)"/>
            <line number="250" hits="4" branch="false"/>
            <line number="253" hits="4" branch="false"/>
            <line number="254" hits="4" branch="false"/>
            <line number="259" hits="4" branch="false"/>
            <line number="261" hits="4" branch="false"/>
            <line number="262" hits="4" branch="true" condition-coverage="100% (4/4)"/>
            <line number="263" hits="3" branch="false"/>
            <line number="264" hits="3" branch="false"/>
            <line number="266" hits="1" branch="false"/>
            <line number="267" hits="1" branch="false"/>
            <line number="271" hits="4" branch="false"/>
            <line number="282" hits="4" branch="false"/>
            <line number="285" hits="4" branch="false"/>
            <line number="286" hits="4" branch="true" condition-coverage="100% (2/2)"/>
            <line number="287" hits="2" branch="false"/>
            <line number="288" hits="2" branch="false"/>
            <line number="290" hits="2" branch="true" condition-coverage="100% (2/2)"/>
            <line number="291" hits="1" branch="false"/>
            <line number="292" hits="1" branch="false"/>
            <line number="295" hits="1" branch="false"/>
            <line number="313" hits="1" branch="false"/>
            <line number="314" hits="1" branch="false"/>
            <line number="316" hits="1" branch="false"/>
            <line number="320" hits="1" branch="false"/>
            <line number="321" hits="1" branch="false"/>
            <line number="322" hits="1" branch="false"/>
            <line number="324" hits="1" branch="false"/>
            <line number="330" hits="0" branch="false"/>
            <line number="347" hits="9" branch="false"/>
            <line number="348" hits="9" branch="false"/>
            <line number="349" hits="9" branch="false"/>
            <line number="351" hits="8" branch="true" condition-coverage="100% (2/2)"/>
            <line number="352" hits="7" branch="true" condition-coverage="100% (4/4)"/>
            <line number="353" hits="1" branch="false"/>
            <line number="356" hits="7" branch="true" condition-coverage="100% (2/2)"/>
            <line number="362" hits="3" branch="false"/>
            <line number="364" hits="3" branch="true" condition-coverage="100% (2/2)"/>
            <line number="365" hits="2" branch="false"/>
            <line number="366" hits="2" branch="true" condition-coverage="100% (2/2)"/>
            <line number="367" hits="1" branch="false"/>
            <line number="368" hits="1" branch="false"/>
            <line number="369" hits="1" branch="false"/>
            <line number="371" hits="1" branch="false"/>
            <line number="372" hits="1" branch="false"/>
            <line number="373" hits="1" branch="false"/>
            <line number="374" hits="1" branch="false"/>
            <line number="375" hits="1" branch="false"/>
            <line number="377" hits="1" branch="false"/>
            <line number="384" hits="1" branch="false"/>
            <line number="385" hits="1" branch="false"/>
            <line number="405" hits="6" branch="false"/>
            <line number="407" hits="6" branch="false"/>
            <line number="409" hits="6" branch="false"/>
            <line number="410" hits="6" branch="false"/>
            <line number="411" hits="6" branch="false"/>
            <line number="412" hits="6" branch="false"/>
            <line number="413" hits="6" branch="false"/>
            <line number="414" hits="6" branch="false"/>
            <line number="415" hits="6" branch="false"/>
            <line number="416" hits="6" branch="false"/>
            <line number="417" hits="6" branch="false"/>
            <line number="418" hits="6" branch="false"/>
            <line number="419" hits="6" branch="false"/>
            <line number="420" hits="6" branch="false"/>
            <line number="421" hits="6" branch="false"/>
            <line number="422" hits="6" branch="false"/>
            <line number="423" hits="6" branch="false"/>
            <line number="425" hits="6" branch="true" condition-coverage="100% (4/4)"/>
            <line number="426" hits="2" branch="false"/>
            <line number="429" hits="6" branch="false"/>
            <line number="431" hits="6" branch="true" condition-coverage="100% (2/2)"/>
            <line number="433" hits="4" branch="false"/>
            <line number="436" hits="6" branch="false"/>
            <line number="439" hits="1" branch="false"/>
            <line number="440" hits="1" branch="false"/>
            <line number="442" hits="1" branch="false"/>
            <line number="443" hits="1" branch="false"/>
            <line number="457" hits="2" branch="false"/>
            <line number="458" hits="2" branch="false"/>
            <line number="459" hits="2" branch="false"/>
            <line number="460" hits="2" branch="false"/>
            <line number="461" hits="1" branch="false"/>
            <line number="462" hits="1" branch="false"/>
            <line number="464" hits="1" branch="false"/>
            <line number="465" hits="1" branch="false"/>
            <line number="466" hits="1" branch="false"/>
            <line number="467" hits="1" branch="true" condition-coverage="50% (1/2)"/>
            <line number="468" hits="1" branch="false"/>
            <line number="472" hits="1" branch="false"/>
            <line number="474" hits="1" branch="false"/>
            <line number="475" hits="1" branch="false"/>
            <line number="489" hits="2" branch="false"/>
            <line number="490" hits="2" branch="false"/>
            <line number="491" hits="8" branch="false"/>
            <line number="492" hits="1" branch="false"/>
            <line number="498" hits="1" branch="false"/>
            <line number="499" hits="1" branch="false"/>
            <line number="500" hits="1" branch="false"/>
            <line number="502" hits="1" branch="false"/>
            <line number="504" hits="1" branch="false"/>
            <line number="505" hits="1" branch="false"/>
            <line number="519" hits="3" branch="false"/>
            <line number="521" hits="3" branch="false"/>
            <line number="522" hits="3" branch="false"/>
            <line number="549" hits="2" branch="true" condition-coverage="100% (2/2)"/>
            <line number="550" hits="1" branch="false"/>
            <line number="552" hits="1" branch="true" condition-coverage="50% (1/2)"/>
            <line number="558" hits="1" branch="false"/>
            <line number="559" hits="1" branch="false"/>
            <line number="566" hits="1" branch="true" condition-coverage="50% (1/2)"/>
            <line number="572" hits="1" branch="false"/>
            <line number="573" hits="1" branch="false"/>
            <line number="581" hits="2" branch="false"/>
            <line number="582" hits="2" branch="false"/>
            <line number="584" hits="1" branch="false"/>
            <line number="587" hits="1" branch="false"/>
            <line number="588" hits="1" branch="false"/>
            <line number="590" hits="1" branch="false"/>
            <line number="591" hits="1" branch="false"/>
            <line number="605" hits="3" branch="false"/>
            <line number="606" hits="3" branch="false"/>
            <line number="607" hits="3" branch="false"/>
            <line number="608" hits="3" branch="false"/>
            <line number="609" hits="3" branch="false"/>
            <line number="614" hits="2" branch="false"/>
            <line number="615" hits="2" branch="true" condition-coverage="75% (3/4)"/>
            <line number="616" hits="2" branch="true" condition-coverage="75% (3/4)"/>
            <line number="617" hits="2" branch="true" condition-coverage="66.66666666666666% (2/3)"/>
            <line number="618" hits="2" branch="true" condition-coverage="66.66666666666666% (2/3)"/>
            <line number="619" hits="2" branch="true" condition-coverage="66.66666666666666% (2/3)"/>
            <line number="620" hits="2" branch="false"/>
            <line number="622" hits="2" branch="false"/>
            <line number="626" hits="2" branch="true" condition-coverage="50% (1/2)"/>
            <line number="627" hits="2" branch="true" condition-coverage="50% (1/2)"/>
            <line number="628" hits="2" branch="false"/>
            <line number="630" hits="2" branch="true" condition-coverage="50% (1/2)"/>
            <line number="631" hits="2" branch="false"/>
            <line number="633" hits="2" branch="true" condition-coverage="50% (1/2)"/>
            <line number="634" hits="2" branch="false"/>
            <line number="636" hits="2" branch="true" condition-coverage="50% (1/2)"/>
            <line number="637" hits="2" branch="false"/>
            <line number="639" hits="2" branch="true" condition-coverage="50% (1/2)"/>
            <line number="640" hits="2" branch="false"/>
            <line number="642" hits="2" branch="true" condition-coverage="50% (1/2)"/>
            <line number="643" hits="2" branch="false"/>
            <line number="645" hits="2" branch="true" condition-coverage="50% (1/2)"/>
            <line number="646" hits="2" branch="false"/>
            <line number="647" hits="2" branch="true" condition-coverage="100% (2/2)"/>
            <line number="648" hits="1" branch="false"/>
            <line number="652" hits="1" branch="false"/>
            <line number="653" hits="1" branch="false"/>
            <line number="664" hits="2" branch="false"/>
            <line number="666" hits="2" branch="false"/>
            <line number="788" hits="2" branch="true" condition-coverage="50% (1/2)"/>
            <line number="789" hits="2" branch="false"/>
            <line number="791" hits="2" branch="false"/>
            <line number="792" hits="2" branch="false"/>
            <line number="793" hits="2" branch="false"/>
            <line number="797" hits="2" branch="false"/>
            <line number="799" hits="1" branch="false"/>
            <line number="800" hits="1" branch="false"/>
            <line number="814" hits="3" branch="false"/>
            <line number="816" hits="3" branch="false"/>
            <line number="817" hits="3" branch="false"/>
            <line number="824" hits="2" branch="true" condition-coverage="100% (2/2)"/>
            <line number="825" hits="1" branch="false"/>
            <line number="828" hits="1" branch="false"/>
            <line number="830" hits="1" branch="false"/>
            <line number="831" hits="1" branch="false"/>
            <line number="845" hits="3" branch="false"/>
            <line number="847" hits="3" branch="false"/>
            <line number="848" hits="3" branch="false"/>
            <line number="855" hits="2" branch="true" condition-coverage="100% (5/5)"/>
            <line number="856" hits="1" branch="false"/>
            <line number="857" hits="1" branch="false"/>
            <line number="860" hits="1" branch="false"/>
            <line number="862" hits="1" branch="false"/>
            <line number="865" hits="1" branch="false"/>
            <line number="867" hits="1" branch="false"/>
            <line number="868" hits="1" branch="false"/>
          </lines>
        </class>
        <class name="carController.ts" filename="src\controllers\carController.ts" line-rate="0.8933" branch-rate="0.8137000000000001">
          <methods>
            <method name="create" hits="3" signature="()V">
              <lines>
                <line number="23" hits="3"/>
              </lines>
            </method>
            <method name="update" hits="2" signature="()V">
              <lines>
                <line number="68" hits="2"/>
              </lines>
            </method>
            <method name="(anonymous_2)" hits="1" signature="()V">
              <lines>
                <line number="101" hits="1"/>
              </lines>
            </method>
            <method name="checkCar" hits="2" signature="()V">
              <lines>
                <line number="141" hits="2"/>
              </lines>
            </method>
            <method name="deleteCar" hits="2" signature="()V">
              <lines>
                <line number="171" hits="2"/>
              </lines>
            </method>
            <method name="createImage" hits="2" signature="()V">
              <lines>
                <line number="205" hits="2"/>
              </lines>
            </method>
            <method name="updateImage" hits="4" signature="()V">
              <lines>
                <line number="233" hits="4"/>
              </lines>
            </method>
            <method name="deleteImage" hits="2" signature="()V">
              <lines>
                <line number="281" hits="2"/>
              </lines>
            </method>
            <method name="deleteTempImage" hits="1" signature="()V">
              <lines>
                <line number="316" hits="1"/>
              </lines>
            </method>
            <method name="getCar" hits="2" signature="()V">
              <lines>
                <line number="341" hits="2"/>
              </lines>
            </method>
            <method name="(anonymous_10)" hits="2" signature="()V">
              <lines>
                <line number="373" hits="2"/>
              </lines>
            </method>
            <method name="getCars" hits="8" signature="()V">
              <lines>
                <line number="395" hits="8"/>
              </lines>
            </method>
            <method name="(anonymous_12)" hits="8" signature="()V">
              <lines>
                <line number="400" hits="8"/>
              </lines>
            </method>
            <method name="getBookingCars" hits="1" signature="()V">
              <lines>
                <line number="521" hits="1"/>
              </lines>
            </method>
            <method name="getFrontendCars" hits="5" signature="()V">
              <lines>
                <line number="565" hits="5"/>
              </lines>
            </method>
            <method name="(anonymous_15)" hits="5" signature="()V">
              <lines>
                <line number="570" hits="5"/>
              </lines>
            </method>
          </methods>
          <lines>
            <line number="24" hits="3" branch="false"/>
            <line number="26" hits="3" branch="false"/>
            <line number="27" hits="3" branch="true" condition-coverage="100% (2/2)"/>
            <line number="28" hits="1" branch="false"/>
            <line number="29" hits="1" branch="false"/>
            <line number="32" hits="2" branch="false"/>
            <line number="33" hits="2" branch="false"/>
            <line number="35" hits="2" branch="true" condition-coverage="50% (1/2)"/>
            <line number="36" hits="2" branch="false"/>
            <line number="38" hits="2" branch="true" condition-coverage="100% (2/2)"/>
            <line number="39" hits="1" branch="false"/>
            <line number="40" hits="1" branch="false"/>
            <line number="42" hits="1" branch="false"/>
            <line number="43" hits="1" branch="false"/>
            <line number="44" hits="1" branch="false"/>
            <line number="46" hits="1" branch="false"/>
            <line number="47" hits="1" branch="false"/>
            <line number="48" hits="1" branch="false"/>
            <line number="52" hits="1" branch="false"/>
            <line number="54" hits="0" branch="false"/>
            <line number="55" hits="0" branch="false"/>
            <line number="69" hits="2" branch="false"/>
            <line number="70" hits="2" branch="false"/>
            <line number="72" hits="2" branch="false"/>
            <line number="73" hits="2" branch="false"/>
            <line number="75" hits="2" branch="true" condition-coverage="100% (2/2)"/>
            <line number="97" hits="1" branch="false"/>
            <line number="99" hits="1" branch="false"/>
            <line number="100" hits="1" branch="false"/>
            <line number="101" hits="1" branch="false"/>
            <line number="102" hits="1" branch="false"/>
            <line number="103" hits="1" branch="false"/>
            <line number="104" hits="1" branch="false"/>
            <line number="105" hits="1" branch="false"/>
            <line number="106" hits="1" branch="false"/>
            <line number="107" hits="1" branch="false"/>
            <line number="108" hits="1" branch="false"/>
            <line number="109" hits="1" branch="false"/>
            <line number="110" hits="1" branch="false"/>
            <line number="111" hits="1" branch="false"/>
            <line number="112" hits="1" branch="false"/>
            <line number="113" hits="1" branch="false"/>
            <line number="114" hits="1" branch="false"/>
            <line number="115" hits="1" branch="false"/>
            <line number="116" hits="1" branch="false"/>
            <line number="117" hits="1" branch="false"/>
            <line number="118" hits="1" branch="false"/>
            <line number="120" hits="1" branch="false"/>
            <line number="121" hits="1" branch="false"/>
            <line number="124" hits="1" branch="false"/>
            <line number="125" hits="1" branch="false"/>
            <line number="127" hits="0" branch="false"/>
            <line number="128" hits="0" branch="false"/>
            <line number="142" hits="2" branch="false"/>
            <line number="144" hits="2" branch="false"/>
            <line number="145" hits="2" branch="false"/>
            <line number="146" hits="2" branch="false"/>
            <line number="151" hits="2" branch="true" condition-coverage="100% (2/2)"/>
            <line number="152" hits="1" branch="false"/>
            <line number="155" hits="1" branch="false"/>
            <line number="157" hits="0" branch="false"/>
            <line number="158" hits="0" branch="false"/>
            <line number="172" hits="2" branch="false"/>
            <line number="174" hits="2" branch="false"/>
            <line number="175" hits="2" branch="false"/>
            <line number="176" hits="2" branch="true" condition-coverage="100% (2/2)"/>
            <line number="177" hits="1" branch="false"/>
            <line number="179" hits="1" branch="true" condition-coverage="50% (1/2)"/>
            <line number="180" hits="1" branch="false"/>
            <line number="181" hits="1" branch="true" condition-coverage="50% (1/2)"/>
            <line number="182" hits="1" branch="false"/>
            <line number="185" hits="1" branch="false"/>
            <line number="187" hits="1" branch="false"/>
            <line number="189" hits="1" branch="false"/>
            <line number="191" hits="0" branch="false"/>
            <line number="192" hits="0" branch="false"/>
            <line number="206" hits="2" branch="false"/>
            <line number="207" hits="2" branch="true" condition-coverage="100% (2/2)"/>
            <line number="208" hits="1" branch="false"/>
            <line number="209" hits="1" branch="false"/>
            <line number="210" hits="1" branch="false"/>
            <line number="213" hits="1" branch="false"/>
            <line number="214" hits="1" branch="false"/>
            <line number="216" hits="1" branch="false"/>
            <line number="217" hits="1" branch="false"/>
            <line number="219" hits="0" branch="false"/>
            <line number="220" hits="0" branch="false"/>
            <line number="234" hits="4" branch="false"/>
            <line number="236" hits="4" branch="false"/>
            <line number="237" hits="4" branch="true" condition-coverage="100% (2/2)"/>
            <line number="238" hits="1" branch="false"/>
            <line number="239" hits="1" branch="false"/>
            <line number="240" hits="1" branch="false"/>
            <line number="243" hits="3" branch="false"/>
            <line number="245" hits="3" branch="false"/>
            <line number="247" hits="3" branch="true" condition-coverage="100% (2/2)"/>
            <line number="248" hits="2" branch="true" condition-coverage="100% (2/2)"/>
            <line number="249" hits="1" branch="false"/>
            <line number="250" hits="1" branch="true" condition-coverage="50% (1/2)"/>
            <line number="251" hits="1" branch="false"/>
            <line number="255" hits="2" branch="false"/>
            <line number="256" hits="2" branch="false"/>
            <line number="258" hits="2" branch="false"/>
            <line number="259" hits="2" branch="false"/>
            <line number="260" hits="2" branch="false"/>
            <line number="261" hits="2" branch="false"/>
            <line number="264" hits="1" branch="false"/>
            <line number="265" hits="1" branch="false"/>
            <line number="267" hits="0" branch="false"/>
            <line number="268" hits="0" branch="false"/>
            <line number="282" hits="2" branch="false"/>
            <line number="284" hits="2" branch="false"/>
            <line number="285" hits="2" branch="false"/>
            <line number="287" hits="2" branch="true" condition-coverage="100% (2/2)"/>
            <line number="288" hits="1" branch="true" condition-coverage="50% (1/2)"/>
            <line number="289" hits="1" branch="false"/>
            <line number="290" hits="1" branch="true" condition-coverage="50% (1/2)"/>
            <line number="291" hits="1" branch="false"/>
            <line number="294" hits="1" branch="false"/>
            <line number="296" hits="1" branch="false"/>
            <line number="297" hits="1" branch="false"/>
            <line number="299" hits="1" branch="false"/>
            <line number="300" hits="1" branch="false"/>
            <line number="302" hits="0" branch="false"/>
            <line number="303" hits="0" branch="false"/>
            <line number="317" hits="1" branch="false"/>
            <line number="319" hits="1" branch="false"/>
            <line number="320" hits="1" branch="false"/>
            <line number="321" hits="1" branch="true" condition-coverage="50% (1/2)"/>
            <line number="322" hits="1" branch="false"/>
            <line number="325" hits="1" branch="false"/>
            <line number="327" hits="0" branch="false"/>
            <line number="328" hits="0" branch="false"/>
            <line number="342" hits="2" branch="false"/>
            <line number="344" hits="2" branch="false"/>
            <line number="345" hits="2" branch="false"/>
            <line number="356" hits="2" branch="true" condition-coverage="100% (2/2)"/>
            <line number="357" hits="1" branch="true" condition-coverage="50% (1/2)"/>
            <line number="363" hits="1" branch="false"/>
            <line number="364" hits="1" branch="false"/>
            <line number="372" hits="1" branch="false"/>
            <line number="373" hits="2" branch="false"/>
            <line number="376" hits="1" branch="false"/>
            <line number="378" hits="1" branch="false"/>
            <line number="379" hits="1" branch="false"/>
            <line number="381" hits="0" branch="false"/>
            <line number="382" hits="0" branch="false"/>
            <line number="396" hits="8" branch="false"/>
            <line number="397" hits="8" branch="false"/>
            <line number="398" hits="8" branch="false"/>
            <line number="399" hits="8" branch="false"/>
            <line number="400" hits="8" branch="false"/>
            <line number="407" hits="8" branch="false"/>
            <line number="408" hits="8" branch="true" condition-coverage="100% (2/2)"/>
            <line number="409" hits="8" branch="false"/>
            <line number="411" hits="8" branch="false"/>
            <line number="415" hits="8" branch="true" condition-coverage="50% (1/2)"/>
            <line number="416" hits="8" branch="true" condition-coverage="50% (1/2)"/>
            <line number="417" hits="8" branch="false"/>
            <line number="420" hits="8" branch="true" condition-coverage="50% (1/2)"/>
            <line number="421" hits="8" branch="false"/>
            <line number="424" hits="8" branch="true" condition-coverage="50% (1/2)"/>
            <line number="425" hits="8" branch="true" condition-coverage="100% (4/4)"/>
            <line number="426" hits="5" branch="false"/>
            <line number="427" hits="3" branch="true" condition-coverage="100% (4/4)"/>
            <line number="428" hits="1" branch="false"/>
            <line number="429" hits="2" branch="true" condition-coverage="100% (2/2)"/>
            <line number="430" hits="1" branch="false"/>
            <line number="434" hits="7" branch="true" condition-coverage="100% (4/4)"/>
            <line number="435" hits="4" branch="false"/>
            <line number="438" hits="7" branch="true" condition-coverage="50% (1/2)"/>
            <line number="439" hits="7" branch="true" condition-coverage="100% (4/4)"/>
            <line number="440" hits="1" branch="false"/>
            <line number="441" hits="6" branch="true" condition-coverage="100% (4/4)"/>
            <line number="443" hits="1" branch="false"/>
            <line number="444" hits="5" branch="true" condition-coverage="100% (2/2)"/>
            <line number="445" hits="1" branch="false"/>
            <line number="450" hits="6" branch="false"/>
            <line number="496" hits="6" branch="true" condition-coverage="50% (1/2)"/>
            <line number="497" hits="6" branch="false"/>
            <line number="498" hits="4" branch="true" condition-coverage="50% (1/2)"/>
            <line number="499" hits="4" branch="false"/>
            <line number="500" hits="4" branch="false"/>
            <line number="505" hits="6" branch="false"/>
            <line number="507" hits="0" branch="false"/>
            <line number="508" hits="0" branch="false"/>
            <line number="522" hits="1" branch="false"/>
            <line number="523" hits="1" branch="false"/>
            <line number="524" hits="1" branch="false"/>
            <line number="525" hits="1" branch="false"/>
            <line number="526" hits="1" branch="true" condition-coverage="100% (2/2)"/>
            <line number="527" hits="1" branch="false"/>
            <line number="528" hits="1" branch="false"/>
            <line number="529" hits="1" branch="false"/>
            <line number="531" hits="1" branch="false"/>
            <line number="549" hits="1" branch="false"/>
            <line number="551" hits="0" branch="false"/>
            <line number="552" hits="0" branch="false"/>
            <line number="566" hits="5" branch="false"/>
            <line number="567" hits="5" branch="false"/>
            <line number="568" hits="5" branch="false"/>
            <line number="569" hits="5" branch="false"/>
            <line number="570" hits="5" branch="false"/>
            <line number="571" hits="5" branch="false"/>
            <line number="577" hits="5" branch="false"/>
            <line number="579" hits="5" branch="false"/>
            <line number="588" hits="5" branch="true" condition-coverage="50% (1/2)"/>
            <line number="589" hits="5" branch="true" condition-coverage="50% (1/2)"/>
            <line number="590" hits="5" branch="true" condition-coverage="100% (4/4)"/>
            <line number="591" hits="2" branch="false"/>
            <line number="592" hits="3" branch="true" condition-coverage="100% (4/4)"/>
            <line number="593" hits="1" branch="false"/>
            <line number="594" hits="2" branch="true" condition-coverage="100% (2/2)"/>
            <line number="595" hits="1" branch="false"/>
            <line number="599" hits="4" branch="true" condition-coverage="100% (4/4)"/>
            <line number="600" hits="1" branch="false"/>
            <line number="604" hits="4" branch="false"/>
            <line number="650" hits="4" branch="true" condition-coverage="50% (1/2)"/>
            <line number="651" hits="4" branch="false"/>
            <line number="652" hits="3" branch="true" condition-coverage="50% (1/2)"/>
            <line number="653" hits="3" branch="false"/>
            <line number="654" hits="3" branch="false"/>
            <line number="659" hits="4" branch="false"/>
            <line number="661" hits="0" branch="false"/>
            <line number="662" hits="0" branch="false"/>
          </lines>
        </class>
        <class name="locationController.ts" filename="src\controllers\locationController.ts" line-rate="0.8312999999999999" branch-rate="0.9285">
          <methods>
            <method name="validate" hits="2" signature="()V">
              <lines>
                <line number="20" hits="2"/>
              </lines>
            </method>
            <method name="create" hits="1" signature="()V">
              <lines>
                <line number="48" hits="1"/>
              </lines>
            </method>
            <method name="update" hits="2" signature="()V">
              <lines>
                <line number="81" hits="2"/>
              </lines>
            </method>
            <method name="(anonymous_3)" hits="6" signature="()V">
              <lines>
                <line number="91" hits="6"/>
              </lines>
            </method>
            <method name="deleteLocation" hits="2" signature="()V">
              <lines>
                <line number="125" hits="2"/>
              </lines>
            </method>
            <method name="getLocation" hits="2" signature="()V">
              <lines>
                <line number="153" hits="2"/>
              </lines>
            </method>
            <method name="(anonymous_6)" hits="3" signature="()V">
              <lines>
                <line number="160" hits="3"/>
              </lines>
            </method>
            <method name="getLocations" hits="1" signature="()V">
              <lines>
                <line number="181" hits="1"/>
              </lines>
            </method>
            <method name="checkLocation" hits="2" signature="()V">
              <lines>
                <line number="241" hits="2"/>
              </lines>
            </method>
          </methods>
          <lines>
            <line number="21" hits="2" branch="false"/>
            <line number="22" hits="2" branch="false"/>
            <line number="24" hits="2" branch="false"/>
            <line number="25" hits="2" branch="false"/>
            <line number="26" hits="2" branch="false"/>
            <line number="28" hits="2" branch="false"/>
            <line number="32" hits="2" branch="true" condition-coverage="100% (2/2)"/>
            <line number="34" hits="0" branch="false"/>
            <line number="35" hits="0" branch="false"/>
            <line number="49" hits="1" branch="false"/>
            <line number="50" hits="1" branch="false"/>
            <line number="52" hits="1" branch="false"/>
            <line number="53" hits="1" branch="false"/>
            <line number="54" hits="1" branch="false"/>
            <line number="55" hits="2" branch="false"/>
            <line number="59" hits="2" branch="false"/>
            <line number="60" hits="2" branch="false"/>
            <line number="63" hits="1" branch="false"/>
            <line number="64" hits="1" branch="false"/>
            <line number="65" hits="1" branch="false"/>
            <line number="67" hits="0" branch="false"/>
            <line number="68" hits="0" branch="false"/>
            <line number="82" hits="2" branch="false"/>
            <line number="84" hits="2" branch="false"/>
            <line number="85" hits="2" branch="false"/>
            <line number="87" hits="2" branch="true" condition-coverage="100% (2/2)"/>
            <line number="88" hits="1" branch="false"/>
            <line number="90" hits="1" branch="false"/>
            <line number="91" hits="6" branch="false"/>
            <line number="92" hits="3" branch="true" condition-coverage="100% (2/2)"/>
            <line number="93" hits="2" branch="false"/>
            <line number="94" hits="2" branch="false"/>
            <line number="96" hits="1" branch="false"/>
            <line number="100" hits="1" branch="false"/>
            <line number="101" hits="1" branch="false"/>
            <line number="102" hits="1" branch="false"/>
            <line number="105" hits="1" branch="false"/>
            <line number="108" hits="1" branch="false"/>
            <line number="109" hits="1" branch="false"/>
            <line number="111" hits="0" branch="false"/>
            <line number="112" hits="0" branch="false"/>
            <line number="126" hits="2" branch="false"/>
            <line number="128" hits="2" branch="false"/>
            <line number="129" hits="2" branch="false"/>
            <line number="130" hits="2" branch="true" condition-coverage="100% (2/2)"/>
            <line number="131" hits="1" branch="false"/>
            <line number="132" hits="1" branch="false"/>
            <line number="133" hits="1" branch="false"/>
            <line number="135" hits="1" branch="false"/>
            <line number="136" hits="1" branch="false"/>
            <line number="137" hits="1" branch="false"/>
            <line number="139" hits="0" branch="false"/>
            <line number="140" hits="0" branch="false"/>
            <line number="154" hits="2" branch="false"/>
            <line number="156" hits="2" branch="false"/>
            <line number="157" hits="2" branch="false"/>
            <line number="159" hits="2" branch="true" condition-coverage="100% (2/2)"/>
            <line number="160" hits="3" branch="false"/>
            <line number="161" hits="1" branch="false"/>
            <line number="162" hits="1" branch="false"/>
            <line number="164" hits="1" branch="false"/>
            <line number="165" hits="1" branch="false"/>
            <line number="167" hits="0" branch="false"/>
            <line number="168" hits="0" branch="false"/>
            <line number="182" hits="1" branch="false"/>
            <line number="183" hits="1" branch="false"/>
            <line number="184" hits="1" branch="false"/>
            <line number="185" hits="1" branch="false"/>
            <line number="186" hits="1" branch="true" condition-coverage="50% (1/2)"/>
            <line number="187" hits="1" branch="false"/>
            <line number="189" hits="1" branch="false"/>
            <line number="225" hits="1" branch="false"/>
            <line number="227" hits="0" branch="false"/>
            <line number="228" hits="0" branch="false"/>
            <line number="242" hits="2" branch="false"/>
            <line number="244" hits="2" branch="false"/>
            <line number="245" hits="2" branch="false"/>
            <line number="247" hits="2" branch="false"/>
            <line number="252" hits="2" branch="true" condition-coverage="100% (2/2)"/>
            <line number="253" hits="1" branch="false"/>
            <line number="256" hits="1" branch="false"/>
            <line number="258" hits="0" branch="false"/>
            <line number="259" hits="0" branch="false"/>
          </lines>
        </class>
        <class name="notificationController.ts" filename="src\controllers\notificationController.ts" line-rate="0.863" branch-rate="1">
          <methods>
            <method name="notificationCounter" hits="2" signature="()V">
              <lines>
                <line number="16" hits="2"/>
              </lines>
            </method>
            <method name="getNotifications" hits="1" signature="()V">
              <lines>
                <line number="42" hits="1"/>
              </lines>
            </method>
            <method name="markAsRead" hits="2" signature="()V">
              <lines>
                <line number="80" hits="2"/>
              </lines>
            </method>
            <method name="(anonymous_3)" hits="2" signature="()V">
              <lines>
                <line number="84" hits="2"/>
              </lines>
            </method>
            <method name="markAsUnRead" hits="2" signature="()V">
              <lines>
                <line number="127" hits="2"/>
              </lines>
            </method>
            <method name="(anonymous_5)" hits="2" signature="()V">
              <lines>
                <line number="131" hits="2"/>
              </lines>
            </method>
            <method name="deleteNotifications" hits="2" signature="()V">
              <lines>
                <line number="174" hits="2"/>
              </lines>
            </method>
            <method name="(anonymous_7)" hits="4" signature="()V">
              <lines>
                <line number="178" hits="4"/>
              </lines>
            </method>
          </methods>
          <lines>
            <line number="17" hits="2" branch="false"/>
            <line number="18" hits="2" branch="false"/>
            <line number="19" hits="2" branch="false"/>
            <line number="21" hits="2" branch="true" condition-coverage="100% (2/2)"/>
            <line number="22" hits="1" branch="false"/>
            <line number="24" hits="1" branch="false"/>
            <line number="25" hits="1" branch="false"/>
            <line number="26" hits="1" branch="false"/>
            <line number="28" hits="0" branch="false"/>
            <line number="29" hits="0" branch="false"/>
            <line number="43" hits="1" branch="false"/>
            <line number="45" hits="1" branch="false"/>
            <line number="46" hits="1" branch="false"/>
            <line number="47" hits="1" branch="false"/>
            <line number="48" hits="1" branch="false"/>
            <line number="50" hits="1" branch="false"/>
            <line number="64" hits="1" branch="false"/>
            <line number="66" hits="0" branch="false"/>
            <line number="67" hits="0" branch="false"/>
            <line number="81" hits="2" branch="false"/>
            <line number="82" hits="2" branch="false"/>
            <line number="83" hits="2" branch="false"/>
            <line number="84" hits="2" branch="false"/>
            <line number="85" hits="2" branch="false"/>
            <line number="86" hits="2" branch="false"/>
            <line number="88" hits="2" branch="false"/>
            <line number="89" hits="2" branch="false"/>
            <line number="93" hits="2" branch="false"/>
            <line number="95" hits="2" branch="false"/>
            <line number="96" hits="2" branch="false"/>
            <line number="104" hits="2" branch="false"/>
            <line number="105" hits="2" branch="true" condition-coverage="100% (4/4)"/>
            <line number="106" hits="1" branch="false"/>
            <line number="108" hits="1" branch="false"/>
            <line number="109" hits="1" branch="false"/>
            <line number="111" hits="1" branch="false"/>
            <line number="113" hits="0" branch="false"/>
            <line number="114" hits="0" branch="false"/>
            <line number="128" hits="2" branch="false"/>
            <line number="129" hits="2" branch="false"/>
            <line number="130" hits="2" branch="false"/>
            <line number="131" hits="2" branch="false"/>
            <line number="132" hits="2" branch="false"/>
            <line number="133" hits="2" branch="false"/>
            <line number="135" hits="2" branch="false"/>
            <line number="136" hits="2" branch="false"/>
            <line number="140" hits="2" branch="false"/>
            <line number="142" hits="2" branch="false"/>
            <line number="143" hits="2" branch="false"/>
            <line number="151" hits="2" branch="false"/>
            <line number="152" hits="2" branch="true" condition-coverage="100% (4/4)"/>
            <line number="153" hits="1" branch="false"/>
            <line number="155" hits="1" branch="false"/>
            <line number="156" hits="1" branch="false"/>
            <line number="158" hits="1" branch="false"/>
            <line number="160" hits="0" branch="false"/>
            <line number="161" hits="0" branch="false"/>
            <line number="175" hits="2" branch="false"/>
            <line number="176" hits="2" branch="false"/>
            <line number="177" hits="2" branch="false"/>
            <line number="178" hits="4" branch="false"/>
            <line number="179" hits="2" branch="false"/>
            <line number="180" hits="2" branch="false"/>
            <line number="182" hits="2" branch="false"/>
            <line number="186" hits="2" branch="false"/>
            <line number="188" hits="2" branch="false"/>
            <line number="189" hits="2" branch="true" condition-coverage="100% (4/4)"/>
            <line number="190" hits="1" branch="false"/>
            <line number="192" hits="1" branch="false"/>
            <line number="193" hits="1" branch="false"/>
            <line number="195" hits="1" branch="false"/>
            <line number="197" hits="0" branch="false"/>
            <line number="198" hits="0" branch="false"/>
          </lines>
        </class>
        <class name="supplierController.ts" filename="src\controllers\supplierController.ts" line-rate="0.8554" branch-rate="0.7272">
          <methods>
            <method name="validate" hits="2" signature="()V">
              <lines>
                <line number="25" hits="2"/>
              </lines>
            </method>
            <method name="update" hits="2" signature="()V">
              <lines>
                <line number="52" hits="2"/>
              </lines>
            </method>
            <method name="deleteSupplier" hits="2" signature="()V">
              <lines>
                <line number="100" hits="2"/>
              </lines>
            </method>
            <method name="(anonymous_3)" hits="0" signature="()V">
              <lines>
                <line number="116" hits="0"/>
              </lines>
            </method>
            <method name="getSupplier" hits="2" signature="()V">
              <lines>
                <line number="149" hits="2"/>
              </lines>
            </method>
            <method name="getSuppliers" hits="1" signature="()V">
              <lines>
                <line number="195" hits="1"/>
              </lines>
            </method>
            <method name="(anonymous_6)" hits="8" signature="()V">
              <lines>
                <line number="225" hits="8"/>
              </lines>
            </method>
            <method name="getAllSuppliers" hits="1" signature="()V">
              <lines>
                <line number="247" hits="1"/>
              </lines>
            </method>
            <method name="(anonymous_8)" hits="8" signature="()V">
              <lines>
                <line number="258" hits="8"/>
              </lines>
            </method>
          </methods>
          <lines>
            <line number="26" hits="2" branch="false"/>
            <line number="27" hits="2" branch="false"/>
            <line number="29" hits="2" branch="false"/>
            <line number="30" hits="2" branch="false"/>
            <line number="31" hits="2" branch="false"/>
            <line number="32" hits="2" branch="false"/>
            <line number="36" hits="2" branch="true" condition-coverage="100% (2/2)"/>
            <line number="38" hits="0" branch="false"/>
            <line number="39" hits="0" branch="false"/>
            <line number="53" hits="2" branch="false"/>
            <line number="54" hits="2" branch="false"/>
            <line number="56" hits="2" branch="false"/>
            <line number="57" hits="2" branch="false"/>
            <line number="59" hits="2" branch="true" condition-coverage="100% (2/2)"/>
            <line number="66" hits="1" branch="false"/>
            <line number="67" hits="1" branch="false"/>
            <line number="68" hits="1" branch="false"/>
            <line number="69" hits="1" branch="false"/>
            <line number="70" hits="1" branch="false"/>
            <line number="71" hits="1" branch="false"/>
            <line number="73" hits="1" branch="false"/>
            <line number="74" hits="1" branch="false"/>
            <line number="83" hits="1" branch="false"/>
            <line number="84" hits="1" branch="false"/>
            <line number="86" hits="0" branch="false"/>
            <line number="87" hits="0" branch="false"/>
            <line number="101" hits="2" branch="false"/>
            <line number="103" hits="2" branch="false"/>
            <line number="104" hits="2" branch="false"/>
            <line number="105" hits="2" branch="true" condition-coverage="100% (2/2)"/>
            <line number="106" hits="1" branch="false"/>
            <line number="108" hits="1" branch="true" condition-coverage="50% (1/2)"/>
            <line number="109" hits="1" branch="false"/>
            <line number="110" hits="1" branch="true" condition-coverage="50% (1/2)"/>
            <line number="111" hits="1" branch="false"/>
            <line number="114" hits="1" branch="false"/>
            <line number="115" hits="1" branch="false"/>
            <line number="116" hits="1" branch="false"/>
            <line number="117" hits="1" branch="false"/>
            <line number="118" hits="1" branch="false"/>
            <line number="119" hits="1" branch="false"/>
            <line number="120" hits="1" branch="false"/>
            <line number="121" hits="1" branch="false"/>
            <line number="122" hits="1" branch="true" condition-coverage="50% (1/2)"/>
            <line number="123" hits="1" branch="false"/>
            <line number="124" hits="1" branch="true" condition-coverage="50% (1/2)"/>
            <line number="125" hits="1" branch="false"/>
            <line number="131" hits="1" branch="false"/>
            <line number="133" hits="1" branch="false"/>
            <line number="135" hits="0" branch="false"/>
            <line number="136" hits="0" branch="false"/>
            <line number="150" hits="2" branch="false"/>
            <line number="152" hits="2" branch="false"/>
            <line number="153" hits="2" branch="false"/>
            <line number="155" hits="2" branch="true" condition-coverage="100% (2/2)"/>
            <line number="156" hits="1" branch="false"/>
            <line number="157" hits="1" branch="false"/>
            <line number="168" hits="1" branch="false"/>
            <line number="170" hits="1" branch="false"/>
            <line number="181" hits="0" branch="false"/>
            <line number="182" hits="0" branch="false"/>
            <line number="196" hits="1" branch="false"/>
            <line number="197" hits="1" branch="false"/>
            <line number="198" hits="1" branch="false"/>
            <line number="199" hits="1" branch="true" condition-coverage="100% (2/2)"/>
            <line number="200" hits="1" branch="false"/>
            <line number="202" hits="1" branch="false"/>
            <line number="224" hits="1" branch="true" condition-coverage="50% (1/2)"/>
            <line number="225" hits="1" branch="false"/>
            <line number="226" hits="8" branch="false"/>
            <line number="227" hits="8" branch="false"/>
            <line number="231" hits="1" branch="false"/>
            <line number="233" hits="0" branch="false"/>
            <line number="234" hits="0" branch="false"/>
            <line number="248" hits="1" branch="false"/>
            <line number="249" hits="1" branch="false"/>
            <line number="257" hits="1" branch="true" condition-coverage="50% (1/2)"/>
            <line number="258" hits="1" branch="false"/>
            <line number="259" hits="8" branch="false"/>
            <line number="260" hits="8" branch="false"/>
            <line number="264" hits="1" branch="false"/>
            <line number="266" hits="0" branch="false"/>
            <line number="267" hits="0" branch="false"/>
          </lines>
        </class>
        <class name="userController.ts" filename="src\controllers\userController.ts" line-rate="0.8690000000000001" branch-rate="0.8384999999999999">
          <methods>
            <method name="(anonymous_0)" hits="7" signature="()V">
              <lines>
                <line number="30" hits="7"/>
              </lines>
            </method>
            <method name="(anonymous_1)" hits="5" signature="()V">
              <lines>
                <line number="39" hits="5"/>
              </lines>
            </method>
            <method name="_signup" hits="2" signature="()V">
              <lines>
                <line number="50" hits="2"/>
              </lines>
            </method>
            <method name="signup" hits="1" signature="()V">
              <lines>
                <line number="115" hits="1"/>
              </lines>
            </method>
            <method name="adminSignup" hits="1" signature="()V">
              <lines>
                <line number="127" hits="1"/>
              </lines>
            </method>
            <method name="create" hits="2" signature="()V">
              <lines>
                <line number="140" hits="2"/>
              </lines>
            </method>
            <method name="checkToken" hits="5" signature="()V">
              <lines>
                <line number="219" hits="5"/>
              </lines>
            </method>
            <method name="deleteTokens" hits="2" signature="()V">
              <lines>
                <line number="268" hits="2"/>
              </lines>
            </method>
            <method name="resend" hits="3" signature="()V">
              <lines>
                <line number="296" hits="3"/>
              </lines>
            </method>
            <method name="activate" hits="3" signature="()V">
              <lines>
                <line number="360" hits="3"/>
              </lines>
            </method>
            <method name="signin" hits="56" signature="()V">
              <lines>
                <line number="400" hits="56"/>
              </lines>
            </method>
            <method name="signout" hits="52" signature="()V">
              <lines>
                <line number="505" hits="52"/>
              </lines>
            </method>
            <method name="pushToken" hits="2" signature="()V">
              <lines>
                <line number="522" hits="2"/>
              </lines>
            </method>
            <method name="createPushToken" hits="2" signature="()V">
              <lines>
                <line number="547" hits="2"/>
              </lines>
            </method>
            <method name="deletePushToken" hits="1" signature="()V">
              <lines>
                <line number="578" hits="1"/>
              </lines>
            </method>
            <method name="validateEmail" hits="2" signature="()V">
              <lines>
                <line number="599" hits="2"/>
              </lines>
            </method>
            <method name="(anonymous_16)" hits="1" signature="()V">
              <lines>
                <line number="625" hits="1"/>
              </lines>
            </method>
            <method name="confirmEmail" hits="4" signature="()V">
              <lines>
                <line number="636" hits="4"/>
              </lines>
            </method>
            <method name="resendLink" hits="4" signature="()V">
              <lines>
                <line number="683" hits="4"/>
              </lines>
            </method>
            <method name="update" hits="3" signature="()V">
              <lines>
                <line number="740" hits="3"/>
              </lines>
            </method>
            <method name="updateEmailNotifications" hits="2" signature="()V">
              <lines>
                <line number="796" hits="2"/>
              </lines>
            </method>
            <method name="updateLanguage" hits="2" signature="()V">
              <lines>
                <line number="829" hits="2"/>
              </lines>
            </method>
            <method name="getUser" hits="2" signature="()V">
              <lines>
                <line number="858" hits="2"/>
              </lines>
            </method>
            <method name="createAvatar" hits="2" signature="()V">
              <lines>
                <line number="899" hits="2"/>
              </lines>
            </method>
            <method name="updateAvatar" hits="3" signature="()V">
              <lines>
                <line number="927" hits="3"/>
              </lines>
            </method>
            <method name="deleteAvatar" hits="2" signature="()V">
              <lines>
                <line number="974" hits="2"/>
              </lines>
            </method>
            <method name="deleteTempAvatar" hits="1" signature="()V">
              <lines>
                <line number="1010" hits="1"/>
              </lines>
            </method>
            <method name="changePassword" hits="4" signature="()V">
              <lines>
                <line number="1035" hits="4"/>
              </lines>
            </method>
            <method name="(anonymous_28)" hits="1" signature="()V">
              <lines>
                <line number="1056" hits="1"/>
              </lines>
            </method>
            <method name="checkPassword" hits="4" signature="()V">
              <lines>
                <line number="1090" hits="4"/>
              </lines>
            </method>
            <method name="getUsers" hits="1" signature="()V">
              <lines>
                <line number="1126" hits="1"/>
              </lines>
            </method>
            <method name="deleteUsers" hits="3" signature="()V">
              <lines>
                <line number="1202" hits="3"/>
              </lines>
            </method>
            <method name="(anonymous_32)" hits="5" signature="()V">
              <lines>
                <line number="1205" hits="5"/>
              </lines>
            </method>
            <method name="(anonymous_33)" hits="1" signature="()V">
              <lines>
                <line number="1221" hits="1"/>
              </lines>
            </method>
          </methods>
          <lines>
            <line number="30" hits="6" branch="false"/>
            <line number="31" hits="7" branch="false"/>
            <line number="39" hits="6" branch="false"/>
            <line number="51" hits="2" branch="false"/>
            <line number="53" hits="2" branch="false"/>
            <line number="54" hits="2" branch="false"/>
            <line number="55" hits="2" branch="false"/>
            <line number="56" hits="2" branch="false"/>
            <line number="57" hits="2" branch="false"/>
            <line number="59" hits="2" branch="false"/>
            <line number="60" hits="2" branch="false"/>
            <line number="61" hits="2" branch="false"/>
            <line number="62" hits="2" branch="false"/>
            <line number="64" hits="2" branch="false"/>
            <line number="65" hits="2" branch="false"/>
            <line number="67" hits="2" branch="true" condition-coverage="100% (2/2)"/>
            <line number="68" hits="1" branch="false"/>
            <line number="69" hits="1" branch="true" condition-coverage="50% (1/2)"/>
            <line number="70" hits="1" branch="false"/>
            <line number="71" hits="1" branch="false"/>
            <line number="73" hits="1" branch="false"/>
            <line number="74" hits="1" branch="false"/>
            <line number="75" hits="1" branch="false"/>
            <line number="80" hits="2" branch="false"/>
            <line number="82" hits="2" branch="false"/>
            <line number="85" hits="2" branch="false"/>
            <line number="87" hits="2" branch="false"/>
            <line number="99" hits="2" branch="false"/>
            <line number="100" hits="2" branch="false"/>
            <line number="102" hits="0" branch="false"/>
            <line number="103" hits="0" branch="false"/>
            <line number="116" hits="1" branch="false"/>
            <line number="128" hits="1" branch="false"/>
            <line number="141" hits="2" branch="false"/>
            <line number="143" hits="2" branch="false"/>
            <line number="144" hits="2" branch="false"/>
            <line number="145" hits="2" branch="false"/>
            <line number="147" hits="2" branch="true" condition-coverage="100% (2/2)"/>
            <line number="148" hits="1" branch="false"/>
            <line number="149" hits="1" branch="false"/>
            <line number="150" hits="1" branch="false"/>
            <line number="151" hits="1" branch="false"/>
            <line number="154" hits="2" branch="false"/>
            <line number="155" hits="2" branch="false"/>
            <line number="158" hits="2" branch="true" condition-coverage="50% (1/2)"/>
            <line number="159" hits="2" branch="false"/>
            <line number="160" hits="2" branch="true" condition-coverage="100% (2/2)"/>
            <line number="161" hits="1" branch="false"/>
[...]
              </lines>
            </method>
          </methods>
          <lines>
            <line number="5" hits="6" branch="false"/>
            <line number="27" hits="11" branch="true" condition-coverage="100% (2/2)"/>
            <line number="116" hits="6" branch="false"/>
            <line number="118" hits="6" branch="false"/>
            <line number="119" hits="6" branch="true" condition-coverage="50% (1/2)"/>
            <line number="120" hits="0" branch="false"/>
            <line number="122" hits="6" branch="false"/>
          </lines>
        </class>
        <class name="Location.ts" filename="src\models\Location.ts" line-rate="0.8571" branch-rate="0.75">
          <methods>
            <method name="(anonymous_0)" hits="7" signature="()V">
              <lines>
                <line number="9" hits="7"/>
              </lines>
            </method>
            <method name="(anonymous_1)" hits="6" signature="()V">
              <lines>
                <line number="21" hits="6"/>
              </lines>
            </method>
          </methods>
          <lines>
            <line number="4" hits="6" branch="false"/>
            <line number="9" hits="7" branch="true" condition-coverage="100% (2/2)"/>
            <line number="19" hits="6" branch="false"/>
            <line number="21" hits="6" branch="false"/>
            <line number="22" hits="6" branch="true" condition-coverage="50% (1/2)"/>
            <line number="23" hits="0" branch="false"/>
            <line number="25" hits="6" branch="false"/>
          </lines>
        </class>
        <class name="LocationValue.ts" filename="src\models\LocationValue.ts" line-rate="0.8332999999999999" branch-rate="0.5">
          <methods>
            <method name="(anonymous_0)" hits="6" signature="()V">
              <lines>
                <line number="31" hits="6"/>
              </lines>
            </method>
          </methods>
          <lines>
            <line number="4" hits="6" branch="false"/>
            <line number="29" hits="6" branch="false"/>
            <line number="31" hits="6" branch="false"/>
            <line number="32" hits="6" branch="true" condition-coverage="50% (1/2)"/>
            <line number="33" hits="0" branch="false"/>
            <line number="35" hits="6" branch="false"/>
          </lines>
        </class>
        <class name="Notification.ts" filename="src\models\Notification.ts" line-rate="0.8332999999999999" branch-rate="0.5">
          <methods>
            <method name="(anonymous_0)" hits="6" signature="()V">
              <lines>
                <line number="34" hits="6"/>
              </lines>
            </method>
          </methods>
          <lines>
            <line number="4" hits="6" branch="false"/>
            <line number="32" hits="6" branch="false"/>
            <line number="34" hits="6" branch="false"/>
            <line number="35" hits="6" branch="true" condition-coverage="50% (1/2)"/>
            <line number="36" hits="0" branch="false"/>
            <line number="38" hits="6" branch="false"/>
          </lines>
        </class>
        <class name="NotificationCounter.ts" filename="src\models\NotificationCounter.ts" line-rate="0.8332999999999999" branch-rate="0.5">
          <methods>
            <method name="(anonymous_0)" hits="6" signature="()V">
              <lines>
                <line number="30" hits="6"/>
              </lines>
            </method>
          </methods>
          <lines>
            <line number="4" hits="6" branch="false"/>
            <line number="28" hits="6" branch="false"/>
            <line number="30" hits="6" branch="false"/>
            <line number="31" hits="6" branch="true" condition-coverage="50% (1/2)"/>
            <line number="32" hits="0" branch="false"/>
            <line number="34" hits="6" branch="false"/>
          </lines>
        </class>
        <class name="PushNotification.ts" filename="src\models\PushNotification.ts" line-rate="0.8332999999999999" branch-rate="0.5">
          <methods>
            <method name="(anonymous_0)" hits="6" signature="()V">
              <lines>
                <line number="26" hits="6"/>
              </lines>
            </method>
          </methods>
          <lines>
            <line number="4" hits="6" branch="false"/>
            <line number="24" hits="6" branch="false"/>
            <line number="26" hits="6" branch="false"/>
            <line number="27" hits="6" branch="true" condition-coverage="50% (1/2)"/>
            <line number="28" hits="0" branch="false"/>
            <line number="30" hits="6" branch="false"/>
          </lines>
        </class>
        <class name="Token.ts" filename="src\models\Token.ts" line-rate="0.8332999999999999" branch-rate="0.5">
          <methods>
            <method name="(anonymous_0)" hits="6" signature="()V">
              <lines>
                <line number="29" hits="6"/>
              </lines>
            </method>
          </methods>
          <lines>
            <line number="4" hits="6" branch="false"/>
            <line number="27" hits="6" branch="false"/>
            <line number="29" hits="6" branch="false"/>
            <line number="30" hits="6" branch="true" condition-coverage="50% (1/2)"/>
            <line number="31" hits="0" branch="false"/>
            <line number="33" hits="6" branch="false"/>
          </lines>
        </class>
        <class name="User.ts" filename="src\models\User.ts" line-rate="0.7777" branch-rate="0.5">
          <methods>
            <method name="(anonymous_0)" hits="20" signature="()V">
              <lines>
                <line number="24" hits="20"/>
              </lines>
            </method>
            <method name="(anonymous_1)" hits="6" signature="()V">
              <lines>
                <line number="112" hits="6"/>
              </lines>
            </method>
          </methods>
          <lines>
            <line number="6" hits="6" branch="false"/>
            <line number="26" hits="20" branch="true" condition-coverage="50% (1/2)"/>
            <line number="27" hits="0" branch="false"/>
            <line number="31" hits="20" branch="false"/>
            <line number="110" hits="6" branch="false"/>
            <line number="112" hits="6" branch="false"/>
            <line number="113" hits="6" branch="true" condition-coverage="50% (1/2)"/>
            <line number="114" hits="0" branch="false"/>
            <line number="116" hits="6" branch="false"/>
          </lines>
        </class>
      </classes>
    </package>
    <package name="src.routes" line-rate="1" branch-rate="1">
      <classes>
        <class name="bookingRoutes.ts" filename="src\routes\bookingRoutes.ts" line-rate="1" branch-rate="1">
          <methods>
          </methods>
          <lines>
            <line number="6" hits="6" branch="false"/>
            <line number="8" hits="6" branch="false"/>
            <line number="9" hits="6" branch="false"/>
            <line number="10" hits="6" branch="false"/>
            <line number="11" hits="6" branch="false"/>
            <line number="12" hits="6" branch="false"/>
            <line number="13" hits="6" branch="false"/>
            <line number="14" hits="6" branch="false"/>
            <line number="15" hits="6" branch="false"/>
            <line number="16" hits="6" branch="false"/>
          </lines>
        </class>
        <class name="carRoutes.ts" filename="src\routes\carRoutes.ts" line-rate="1" branch-rate="1">
          <methods>
          </methods>
          <lines>
            <line number="7" hits="6" branch="false"/>
            <line number="9" hits="6" branch="false"/>
            <line number="10" hits="6" branch="false"/>
            <line number="11" hits="6" branch="false"/>
            <line number="12" hits="6" branch="false"/>
            <line number="13" hits="6" branch="false"/>
            <line number="14" hits="6" branch="false"/>
            <line number="15" hits="6" branch="false"/>
            <line number="16" hits="6" branch="false"/>
            <line number="17" hits="6" branch="false"/>
            <line number="18" hits="6" branch="false"/>
            <line number="19" hits="6" branch="false"/>
            <line number="20" hits="6" branch="false"/>
          </lines>
        </class>
        <class name="locationRoutes.ts" filename="src\routes\locationRoutes.ts" line-rate="1" branch-rate="1">
          <methods>
          </methods>
          <lines>
            <line number="6" hits="6" branch="false"/>
            <line number="8" hits="6" branch="false"/>
            <line number="9" hits="6" branch="false"/>
            <line number="10" hits="6" branch="false"/>
            <line number="11" hits="6" branch="false"/>
            <line number="12" hits="6" branch="false"/>
            <line number="13" hits="6" branch="false"/>
            <line number="14" hits="6" branch="false"/>
          </lines>
        </class>
        <class name="notificationRoutes.ts" filename="src\routes\notificationRoutes.ts" line-rate="1" branch-rate="1">
          <methods>
          </methods>
          <lines>
            <line number="6" hits="6" branch="false"/>
            <line number="8" hits="6" branch="false"/>
            <line number="9" hits="6" branch="false"/>
            <line number="10" hits="6" branch="false"/>
            <line number="11" hits="6" branch="false"/>
            <line number="12" hits="6" branch="false"/>
          </lines>
        </class>
        <class name="supplierRoutes.ts" filename="src\routes\supplierRoutes.ts" line-rate="1" branch-rate="1">
          <methods>
          </methods>
          <lines>
            <line number="6" hits="6" branch="false"/>
            <line number="8" hits="6" branch="false"/>
            <line number="9" hits="6" branch="false"/>
            <line number="10" hits="6" branch="false"/>
            <line number="11" hits="6" branch="false"/>
            <line number="12" hits="6" branch="false"/>
            <line number="13" hits="6" branch="false"/>
          </lines>
        </class>
        <class name="userRoutes.ts" filename="src\routes\userRoutes.ts" line-rate="1" branch-rate="1">
          <methods>
          </methods>
          <lines>
            <line number="7" hits="6" branch="false"/>
            <line number="9" hits="6" branch="false"/>
            <line number="10" hits="6" branch="false"/>
            <line number="11" hits="6" branch="false"/>
            <line number="12" hits="6" branch="false"/>
            <line number="13" hits="6" branch="false"/>
            <line number="14" hits="6" branch="false"/>
            <line number="15" hits="6" branch="false"/>
            <line number="16" hits="6" branch="false"/>
            <line number="17" hits="6" branch="false"/>
            <line number="18" hits="6" branch="false"/>
            <line number="19" hits="6" branch="false"/>
            <line number="20" hits="6" branch="false"/>
            <line number="21" hits="6" branch="false"/>
            <line number="22" hits="6" branch="false"/>
            <line number="23" hits="6" branch="false"/>
            <line number="24" hits="6" branch="false"/>
            <line number="25" hits="6" branch="false"/>
            <line number="26" hits="6" branch="false"/>
            <line number="27" hits="6" branch="false"/>
            <line number="28" hits="6" branch="false"/>
            <line number="29" hits="6" branch="false"/>
            <line number="30" hits="6" branch="false"/>
            <line number="31" hits="6" branch="false"/>
            <line number="32" hits="6" branch="false"/>
            <line number="33" hits="6" branch="false"/>
            <line number="34" hits="6" branch="false"/>
            <line number="35" hits="6" branch="false"/>
            <line number="36" hits="6" branch="false"/>
          </lines>
        </class>
      </classes>
    </package>
    <package name="tests" line-rate="1" branch-rate="0.5">
      <classes>
        <class name="TestHelper.ts" filename="tests\TestHelper.ts" line-rate="1" branch-rate="0.5">
          <methods>
            <method name="getName" hits="26" signature="()V">
              <lines>
                <line number="15" hits="26"/>
              </lines>
            </method>
            <method name="getSupplierName" hits="11" signature="()V">
              <lines>
                <line number="20" hits="11"/>
              </lines>
            </method>
            <method name="initializeDatabase" hits="6" signature="()V">
              <lines>
                <line number="35" hits="6"/>
              </lines>
            </method>
            <method name="getAdminUserId" hits="2" signature="()V">
              <lines>
                <line number="58" hits="2"/>
              </lines>
            </method>
            <method name="getUserId" hits="6" signature="()V">
              <lines>
                <line number="62" hits="6"/>
              </lines>
            </method>
            <method name="clearDatabase" hits="6" signature="()V">
              <lines>
                <line number="66" hits="6"/>
              </lines>
            </method>
            <method name="getToken" hits="52" signature="()V">
              <lines>
                <line number="73" hits="52"/>
              </lines>
            </method>
            <method name="(anonymous_7)" hits="51" signature="()V">
              <lines>
                <line number="79" hits="51"/>
              </lines>
            </method>
            <method name="signinAsAdmin" hits="50" signature="()V">
              <lines>
                <line number="97" hits="50"/>
              </lines>
            </method>
            <method name="signinAsUser" hits="1" signature="()V">
              <lines>
                <line number="101" hits="1"/>
              </lines>
            </method>
            <method name="signout" hits="51" signature="()V">
              <lines>
                <line number="105" hits="51"/>
              </lines>
            </method>
            <method name="createSupplier" hits="9" signature="()V">
              <lines>
                <line number="116" hits="9"/>
              </lines>
            </method>
            <method name="deleteSupplier" hits="7" signature="()V">
              <lines>
                <line number="132" hits="7"/>
              </lines>
            </method>
            <method name="deleteLocation" hits="5" signature="()V">
              <lines>
                <line number="140" hits="5"/>
              </lines>
            </method>
            <method name="createLocation" hits="5" signature="()V">
              <lines>
                <line number="151" hits="5"/>
              </lines>
            </method>
            <method name="GetRandomEmail" hits="8" signature="()V">
              <lines>
                <line number="173" hits="8"/>
              </lines>
            </method>
            <method name="GetRandromObjectId" hits="32" signature="()V">
              <lines>
                <line number="177" hits="32"/>
              </lines>
            </method>
            <method name="GetRandromObjectIdAsString" hits="31" signature="()V">
              <lines>
                <line number="181" hits="31"/>
              </lines>
            </method>
          </methods>
          <lines>
            <line number="16" hits="26" branch="false"/>
            <line number="17" hits="26" branch="false"/>
            <line number="21" hits="11" branch="false"/>
            <line number="24" hits="6" branch="false"/>
            <line number="25" hits="6" branch="false"/>
            <line number="26" hits="6" branch="false"/>
            <line number="27" hits="6" branch="false"/>
            <line number="28" hits="6" branch="false"/>
            <line number="29" hits="6" branch="false"/>
            <line number="30" hits="6" branch="false"/>
            <line number="36" hits="6" branch="false"/>
            <line number="37" hits="6" branch="false"/>
            <line number="38" hits="6" branch="false"/>
            <line number="46" hits="6" branch="false"/>
            <line number="47" hits="6" branch="false"/>
            <line number="48" hits="6" branch="false"/>
            <line number="49" hits="6" branch="false"/>
            <line number="52" hits="6" branch="false"/>
            <line number="53" hits="6" branch="false"/>
            <line number="54" hits="6" branch="false"/>
            <line number="55" hits="6" branch="false"/>
            <line number="59" hits="2" branch="false"/>
            <line number="63" hits="6" branch="false"/>
            <line number="67" hits="6" branch="false"/>
            <line number="68" hits="6" branch="false"/>
            <line number="69" hits="6" branch="false"/>
            <line number="70" hits="6" branch="false"/>
            <line number="74" hits="52" branch="false"/>
            <line number="75" hits="52" branch="true" condition-coverage="50% (1/2)"/>
            <line number="76" hits="52" branch="false"/>
            <line number="79" hits="6" branch="false"/>
            <line number="80" hits="51" branch="false"/>
            <line number="85" hits="51" branch="false"/>
            <line number="89" hits="51" branch="false"/>
            <line number="90" hits="51" branch="false"/>
            <line number="91" hits="51" branch="false"/>
            <line number="92" hits="51" branch="false"/>
            <line number="93" hits="51" branch="false"/>
            <line number="94" hits="51" branch="false"/>
            <line number="98" hits="50" branch="false"/>
            <line number="102" hits="1" branch="false"/>
            <line number="106" hits="51" branch="false"/>
            <line number="109" hits="51" branch="false"/>
            <line number="111" hits="51" branch="false"/>
            <line number="112" hits="51" branch="false"/>
            <line number="113" hits="51" branch="false"/>
            <line number="117" hits="9" branch="false"/>
            <line number="118" hits="9" branch="false"/>
            <line number="119" hits="9" branch="false"/>
            <line number="126" hits="9" branch="false"/>
            <line number="127" hits="9" branch="false"/>
            <line number="128" hits="9" branch="false"/>
            <line number="129" hits="9" branch="false"/>
            <line number="133" hits="7" branch="false"/>
            <line number="134" hits="7" branch="false"/>
            <line number="136" hits="7" branch="false"/>
            <line number="137" hits="7" branch="false"/>
            <line number="141" hits="5" branch="false"/>
            <line number="142" hits="5" branch="false"/>
            <line number="144" hits="5" branch="false"/>
            <line number="145" hits="5" branch="false"/>
            <line number="147" hits="5" branch="false"/>
            <line number="148" hits="5" branch="false"/>
            <line number="152" hits="5" branch="false"/>
            <line number="156" hits="5" branch="false"/>
            <line number="157" hits="5" branch="false"/>
            <line number="159" hits="5" branch="false"/>
            <line number="163" hits="5" branch="false"/>
            <line number="164" hits="5" branch="false"/>
            <line number="166" hits="5" branch="false"/>
            <line number="167" hits="5" branch="false"/>
            <line number="168" hits="5" branch="false"/>
            <line number="169" hits="5" branch="false"/>
            <line number="170" hits="5" branch="false"/>
            <line number="174" hits="8" branch="false"/>
            <line number="178" hits="32" branch="false"/>
            <line number="182" hits="31" branch="false"/>
          </lines>
        </class>
      </classes>
    </package>
  </packages>
</coverage>
