<?xml version="1.0" ?>
<!DOCTYPE coverage SYSTEM "http://cobertura.sourceforge.net/xml/coverage-04.dtd">
<coverage lines-valid="1541" lines-covered="1522" line-rate="0.9876" branches-valid="529" branches-covered="443" branch-rate="0.8373999999999999" timestamp="1708553652654" complexity="0" version="0.1">
  <sources>
    <source>C:\dev\bookcars\src\api</source>
  </sources>
  <packages>
    <package name="src" line-rate="1" branch-rate="1">
      <classes>
        <class name="app.ts" filename="src\app.ts" line-rate="1" branch-rate="1">
          <methods>
          </methods>
          <lines>
            <line number="18" hits="7" branch="false"/>
            <line number="20" hits="7" branch="false"/>
            <line number="21" hits="7" branch="false"/>
            <line number="22" hits="7" branch="false"/>
            <line number="23" hits="7" branch="false"/>
            <line number="24" hits="7" branch="false"/>
            <line number="25" hits="7" branch="false"/>
            <line number="26" hits="7" branch="false"/>
            <line number="27" hits="7" branch="false"/>
            <line number="28" hits="7" branch="false"/>
            <line number="29" hits="7" branch="false"/>
            <line number="30" hits="7" branch="false"/>
            <line number="31" hits="7" branch="false"/>
            <line number="32" hits="7" branch="false"/>
            <line number="33" hits="7" branch="false"/>
            <line number="35" hits="7" branch="false"/>
            <line number="36" hits="7" branch="false"/>
            <line number="37" hits="7" branch="false"/>
            <line number="38" hits="7" branch="false"/>
            <line number="40" hits="7" branch="false"/>
            <line number="41" hits="7" branch="false"/>
            <line number="42" hits="7" branch="false"/>
            <line number="43" hits="7" branch="false"/>
            <line number="45" hits="7" branch="false"/>
            <line number="46" hits="7" branch="false"/>
            <line number="47" hits="7" branch="false"/>
            <line number="48" hits="7" branch="false"/>
            <line number="49" hits="7" branch="false"/>
            <line number="50" hits="7" branch="false"/>
            <line number="52" hits="7" branch="false"/>
            <line number="54" hits="7" branch="false"/>
            <line number="55" hits="7" branch="false"/>
            <line number="56" hits="7" branch="false"/>
            <line number="57" hits="7" branch="false"/>
          </lines>
        </class>
      </classes>
    </package>
    <package name="src.common" line-rate="0.875" branch-rate="0.7777">
      <classes>
        <class name="DatabaseHelper.ts" filename="src\common\DatabaseHelper.ts" line-rate="0.75" branch-rate="0.5">
          <methods>
            <method name="Connect" hits="8" signature="()V">
              <lines>
                <line number="12" hits="8"/>
              </lines>
            </method>
            <method name="Close" hits="8" signature="()V">
              <lines>
                <line number="44" hits="8"/>
              </lines>
            </method>
          </methods>
          <lines>
            <line number="13" hits="8" branch="false"/>
            <line number="15" hits="8" branch="true" condition-coverage="50% (1/2)"/>
            <line number="16" hits="0" branch="false"/>
            <line number="23" hits="8" branch="false"/>
            <line number="24" hits="8" branch="false"/>
            <line number="26" hits="8" branch="false"/>
            <line number="27" hits="8" branch="false"/>
            <line number="28" hits="8" branch="false"/>
            <line number="29" hits="8" branch="false"/>
            <line number="31" hits="0" branch="false"/>
            <line number="32" hits="0" branch="false"/>
            <line number="45" hits="8" branch="false"/>
          </lines>
        </class>
        <class name="Helper.ts" filename="src\common\Helper.ts" line-rate="0.9309999999999999" branch-rate="0.8571">
          <methods>
            <method name="StringToBoolean" hits="24" signature="()V">
              <lines>
                <line number="15" hits="24"/>
              </lines>
            </method>
            <method name="exists" hits="37" signature="()V">
              <lines>
                <line number="31" hits="37"/>
              </lines>
            </method>
            <method name="mkdir" hits="28" signature="()V">
              <lines>
                <line number="49" hits="28"/>
              </lines>
            </method>
            <method name="trim" hits="23" signature="()V">
              <lines>
                <line number="61" hits="23"/>
              </lines>
            </method>
            <method name="joinURL" hits="11" signature="()V">
              <lines>
                <line number="77" hits="11"/>
              </lines>
            </method>
            <method name="getFilenameWithoutExtension" hits="2" signature="()V">
              <lines>
                <line number="95" hits="2"/>
              </lines>
            </method>
            <method name="(anonymous_6)" hits="60" signature="()V">
              <lines>
                <line number="105" hits="60"/>
              </lines>
            </method>
            <method name="isBackend" hits="285" signature="()V">
              <lines>
                <line number="114" hits="285"/>
              </lines>
            </method>
            <method name="isFrontend" hits="283" signature="()V">
              <lines>
                <line number="125" hits="283"/>
              </lines>
            </method>
            <method name="(anonymous_9)" hits="113" signature="()V">
              <lines>
                <line number="135" hits="113"/>
              </lines>
            </method>
            <method name="isValidObjectId" hits="48" signature="()V">
              <lines>
                <line number="156" hits="48"/>
              </lines>
            </method>
            <method name="isValidEmail" hits="80" signature="()V">
              <lines>
                <line number="166" hits="80"/>
              </lines>
            </method>
          </methods>
          <lines>
            <line number="16" hits="24" branch="false"/>
            <line number="17" hits="24" branch="false"/>
            <line number="19" hits="0" branch="false"/>
            <line number="32" hits="37" branch="false"/>
            <line number="33" hits="37" branch="false"/>
            <line number="34" hits="20" branch="false"/>
            <line number="36" hits="17" branch="false"/>
            <line number="50" hits="28" branch="false"/>
            <line number="62" hits="23" branch="false"/>
            <line number="63" hits="23" branch="false"/>
            <line number="64" hits="23" branch="false"/>
            <line number="66" hits="23" branch="false"/>
            <line number="78" hits="11" branch="false"/>
            <line number="79" hits="11" branch="false"/>
            <line number="81" hits="11" branch="true" condition-coverage="50% (1/2)"/>
            <line number="82" hits="0" branch="false"/>
            <line number="85" hits="11" branch="false"/>
            <line number="96" hits="2" branch="false"/>
            <line number="105" hits="60" branch="true" condition-coverage="50% (1/2)"/>
            <line number="115" hits="285" branch="true" condition-coverage="100% (2/2)"/>
            <line number="126" hits="283" branch="true" condition-coverage="100% (2/2)"/>
            <line number="135" hits="8" branch="false"/>
            <line number="136" hits="113" branch="true" condition-coverage="100% (2/2)"/>
            <line number="138" hits="1" branch="false"/>
            <line number="141" hits="112" branch="true" condition-coverage="100% (2/2)"/>
            <line number="143" hits="1" branch="false"/>
            <line number="147" hits="111" branch="false"/>
            <line number="157" hits="48" branch="false"/>
            <line number="167" hits="80" branch="true" condition-coverage="100% (2/2)"/>
          </lines>
        </class>
        <class name="MailHelper.ts" filename="src\common\MailHelper.ts" line-rate="0.8571" branch-rate="0.5">
          <methods>
            <method name="sendMail" hits="18" signature="()V">
              <lines>
                <line number="12" hits="18"/>
              </lines>
            </method>
            <method name="(anonymous_1)" hits="18" signature="()V">
              <lines>
                <line number="24" hits="18"/>
              </lines>
            </method>
            <method name="(anonymous_2)" hits="18" signature="()V">
              <lines>
                <line number="25" hits="18"/>
              </lines>
            </method>
          </methods>
          <lines>
            <line number="13" hits="18" branch="false"/>
            <line number="22" hits="18" branch="false"/>
            <line number="24" hits="18" branch="false"/>
            <line number="25" hits="18" branch="false"/>
            <line number="26" hits="18" branch="true" condition-coverage="50% (1/2)"/>
            <line number="27" hits="0" branch="false"/>
            <line number="29" hits="18" branch="false"/>
          </lines>
        </class>
      </classes>
    </package>
    <package name="src.config" line-rate="1" branch-rate="0.9">
      <classes>
        <class name="app.config.ts" filename="src\config\app.config.ts" line-rate="1" branch-rate="0.5">
          <methods>
          </methods>
          <lines>
            <line number="3" hits="7" branch="true" condition-coverage="50% (1/2)"/>
          </lines>
        </class>
        <class name="bookingRoutes.config.ts" filename="src\config\bookingRoutes.config.ts" line-rate="1" branch-rate="1">
          <methods>
          </methods>
          <lines>
          </lines>
        </class>
        <class name="carRoutes.config.ts" filename="src\config\carRoutes.config.ts" line-rate="1" branch-rate="1">
          <methods>
          </methods>
          <lines>
          </lines>
        </class>
        <class name="env.config.ts" filename="src\config\env.config.ts" line-rate="1" branch-rate="1">
          <methods>
            <method name="(anonymous_0)" hits="228" signature="()V">
              <lines>
                <line number="15" hits="228"/>
              </lines>
            </method>
          </methods>
          <lines>
            <line number="15" hits="8" branch="false"/>
            <line number="16" hits="228" branch="false"/>
            <line number="17" hits="228" branch="true" condition-coverage="100% (4/4)"/>
            <line number="18" hits="1" branch="false"/>
            <line number="20" hits="227" branch="true" condition-coverage="100% (2/2)"/>
            <line number="21" hits="1" branch="true" condition-coverage="100% (2/2)"/>
            <line number="23" hits="226" branch="false"/>
            <line number="31" hits="8" branch="false"/>
            <line number="38" hits="8" branch="false"/>
            <line number="45" hits="8" branch="false"/>
            <line number="52" hits="8" branch="false"/>
            <line number="59" hits="8" branch="false"/>
            <line number="66" hits="8" branch="false"/>
            <line number="73" hits="8" branch="false"/>
            <line number="80" hits="8" branch="false"/>
            <line number="87" hits="8" branch="false"/>
            <line number="94" hits="8" branch="false"/>
            <line number="102" hits="8" branch="false"/>
            <line number="115" hits="8" branch="false"/>
            <line number="122" hits="8" branch="false"/>
            <line number="129" hits="8" branch="false"/>
            <line number="136" hits="8" branch="false"/>
            <line number="143" hits="8" branch="false"/>
            <line number="150" hits="8" branch="false"/>
            <line number="157" hits="8" branch="false"/>
            <line number="164" hits="8" branch="false"/>
            <line number="171" hits="8" branch="false"/>
            <line number="178" hits="8" branch="false"/>
            <line number="185" hits="8" branch="false"/>
            <line number="192" hits="8" branch="false"/>
            <line number="199" hits="8" branch="false"/>
            <line number="206" hits="8" branch="false"/>
            <line number="213" hits="8" branch="false"/>
            <line number="220" hits="8" branch="false"/>
            <line number="227" hits="8" branch="false"/>
            <line number="234" hits="8" branch="false"/>
            <line number="241" hits="8" branch="false"/>
            <line number="248" hits="8" branch="false"/>
            <line number="255" hits="8" branch="false"/>
          </lines>
        </class>
        <class name="locationRoutes.config.ts" filename="src\config\locationRoutes.config.ts" line-rate="1" branch-rate="1">
          <methods>
          </methods>
          <lines>
          </lines>
        </class>
        <class name="notificationRoutes.config.ts" filename="src\config\notificationRoutes.config.ts" line-rate="1" branch-rate="1">
          <methods>
          </methods>
          <lines>
          </lines>
        </class>
        <class name="supplierRoutes.config.ts" filename="src\config\supplierRoutes.config.ts" line-rate="1" branch-rate="1">
          <methods>
          </methods>
          <lines>
          </lines>
        </class>
        <class name="userRoutes.config.ts" filename="src\config\userRoutes.config.ts" line-rate="1" branch-rate="1">
          <methods>
          </methods>
          <lines>
          </lines>
        </class>
      </classes>
    </package>
    <package name="src.controllers" line-rate="0.9991" branch-rate="0.8523999999999999">
      <classes>
        <class name="bookingController.ts" filename="src\controllers\bookingController.ts" line-rate="0.9962000000000001" branch-rate="0.8035">
          <methods>
            <method name="create" hits="2" signature="()V">
              <lines>
                <line number="30" hits="2"/>
              </lines>
            </method>
            <method name="notifySupplier" hits="4" signature="()V">
              <lines>
                <line number="59" hits="4"/>
              </lines>
            </method>
            <method name="checkout" hits="10" signature="()V">
              <lines>
                <line number="105" hits="10"/>
              </lines>
            </method>
            <method name="(anonymous_3)" hits="10" signature="()V">
              <lines>
                <line number="191" hits="10"/>
              </lines>
            </method>
            <method name="(anonymous_4)" hits="8" signature="()V">
              <lines>
                <line number="197" hits="8"/>
              </lines>
            </method>
            <method name="notifyDriver" hits="5" signature="()V">
              <lines>
                <line number="243" hits="5"/>
              </lines>
            </method>
            <method name="(anonymous_6)" hits="1" signature="()V">
              <lines>
                <line number="316" hits="1"/>
              </lines>
            </method>
            <method name="update" hits="9" signature="()V">
              <lines>
                <line number="346" hits="9"/>
              </lines>
            </method>
            <method name="updateStatus" hits="2" signature="()V">
              <lines>
                <line number="456" hits="2"/>
              </lines>
            </method>
            <method name="(anonymous_9)" hits="1" signature="()V">
              <lines>
                <line number="460" hits="1"/>
              </lines>
            </method>
            <method name="(anonymous_10)" hits="1" signature="()V">
              <lines>
                <line number="466" hits="1"/>
              </lines>
            </method>
            <method name="deleteBookings" hits="2" signature="()V">
              <lines>
                <line number="488" hits="2"/>
              </lines>
            </method>
            <method name="(anonymous_12)" hits="8" signature="()V">
              <lines>
                <line number="491" hits="8"/>
              </lines>
            </method>
            <method name="(anonymous_13)" hits="1" signature="()V">
              <lines>
                <line number="499" hits="1"/>
              </lines>
            </method>
            <method name="getBooking" hits="3" signature="()V">
              <lines>
                <line number="518" hits="3"/>
              </lines>
            </method>
            <method name="(anonymous_15)" hits="2" signature="()V">
              <lines>
                <line number="581" hits="2"/>
              </lines>
            </method>
            <method name="(anonymous_16)" hits="2" signature="()V">
              <lines>
                <line number="582" hits="2"/>
              </lines>
            </method>
            <method name="getBookings" hits="3" signature="()V">
              <lines>
                <line number="604" hits="3"/>
              </lines>
            </method>
            <method name="(anonymous_18)" hits="2" signature="()V">
              <lines>
                <line number="609" hits="2"/>
              </lines>
            </method>
            <method name="hasBookings" hits="3" signature="()V">
              <lines>
                <line number="813" hits="3"/>
              </lines>
            </method>
            <method name="cancelBooking" hits="3" signature="()V">
              <lines>
                <line number="844" hits="3"/>
              </lines>
            </method>
          </methods>
          <lines>
            <line number="31" hits="2" branch="false"/>
            <line number="32" hits="2" branch="false"/>
            <line number="33" hits="2" branch="true" condition-coverage="50% (1/2)"/>
            <line number="34" hits="1" branch="false"/>
            <line number="35" hits="1" branch="false"/>
            <line number="36" hits="1" branch="false"/>
            <line number="39" hits="1" branch="false"/>
            <line number="41" hits="1" branch="false"/>
            <line number="42" hits="1" branch="false"/>
            <line number="44" hits="1" branch="false"/>
            <line number="45" hits="1" branch="false"/>
            <line number="60" hits="4" branch="false"/>
            <line number="63" hits="4" branch="false"/>
            <line number="64" hits="4" branch="false"/>
            <line number="70" hits="4" branch="false"/>
            <line number="71" hits="4" branch="false"/>
            <line number="72" hits="4" branch="true" condition-coverage="100% (4/4)"/>
            <line number="73" hits="3" branch="false"/>
            <line number="74" hits="3" branch="false"/>
            <line number="76" hits="1" branch="false"/>
            <line number="77" hits="1" branch="false"/>
            <line number="81" hits="4" branch="false"/>
            <line number="93" hits="4" branch="false"/>
            <line number="106" hits="10" branch="false"/>
            <line number="108" hits="10" branch="false"/>
            <line number="109" hits="10" branch="false"/>
            <line number="111" hits="10" branch="true" condition-coverage="100% (2/2)"/>
            <line number="112" hits="1" branch="false"/>
            <line number="113" hits="1" branch="false"/>
            <line number="116" hits="9" branch="true" condition-coverage="100% (2/2)"/>
            <line number="117" hits="1" branch="false"/>
            <line number="118" hits="1" branch="false"/>
            <line number="119" hits="1" branch="false"/>
            <line number="121" hits="1" branch="false"/>
            <line number="122" hits="1" branch="false"/>
            <line number="124" hits="1" branch="false"/>
            <line number="125" hits="1" branch="false"/>
            <line number="127" hits="1" branch="false"/>
            <line number="129" hits="1" branch="false"/>
            <line number="140" hits="1" branch="false"/>
            <line number="142" hits="1" branch="false"/>
            <line number="144" hits="8" branch="false"/>
            <line number="147" hits="9" branch="true" condition-coverage="100% (2/2)"/>
            <line number="148" hits="1" branch="false"/>
            <line number="149" hits="1" branch="false"/>
            <line number="152" hits="8" branch="false"/>
            <line number="153" hits="8" branch="true" condition-coverage="50% (1/2)"/>
            <line number="154" hits="8" branch="false"/>
            <line number="155" hits="8" branch="false"/>
            <line number="159" hits="8" branch="true" condition-coverage="100% (4/4)"/>
            <line number="160" hits="1" branch="false"/>
            <line number="161" hits="1" branch="false"/>
            <line number="162" hits="1" branch="false"/>
            <line number="165" hits="8" branch="false"/>
            <line number="167" hits="8" branch="false"/>
            <line number="169" hits="7" branch="true" condition-coverage="50% (1/2)"/>
            <line number="170" hits="7" branch="false"/>
            <line number="178" hits="7" branch="false"/>
            <line number="179" hits="7" branch="false"/>
            <line number="180" hits="7" branch="false"/>
            <line number="181" hits="7" branch="true" condition-coverage="100% (2/2)"/>
            <line number="182" hits="1" branch="false"/>
            <line number="183" hits="1" branch="false"/>
            <line number="185" hits="6" branch="false"/>
            <line number="186" hits="6" branch="true" condition-coverage="100% (2/2)"/>
            <line number="187" hits="1" branch="false"/>
            <line number="188" hits="1" branch="false"/>
            <line number="191" hits="10" branch="false"/>
            <line number="192" hits="5" branch="false"/>
            <line number="193" hits="5" branch="true" condition-coverage="100% (2/2)"/>
            <line number="194" hits="1" branch="false"/>
            <line number="195" hits="1" branch="false"/>
            <line number="197" hits="8" branch="false"/>
            <line number="199" hits="4" branch="false"/>
            <line number="218" hits="4" branch="false"/>
            <line number="221" hits="4" branch="false"/>
            <line number="222" hits="4" branch="true" condition-coverage="100% (2/2)"/>
            <line number="223" hits="1" branch="false"/>
            <line number="224" hits="1" branch="false"/>
            <line number="226" hits="3" branch="false"/>
            <line number="227" hits="3" branch="false"/>
            <line number="229" hits="3" branch="false"/>
            <line number="231" hits="1" branch="false"/>
            <line number="232" hits="1" branch="false"/>
            <line number="244" hits="5" branch="false"/>
            <line number="245" hits="5" branch="true" condition-coverage="100% (2/2)"/>
            <line number="246" hits="1" branch="false"/>
            <line number="247" hits="1" branch="false"/>
            <line number="249" hits="4" branch="true" condition-coverage="50% (1/2)"/>
            <line number="250" hits="4" branch="false"/>
            <line number="253" hits="4" branch="false"/>
            <line number="254" hits="4" branch="false"/>
            <line number="259" hits="4" branch="false"/>
            <line number="261" hits="4" branch="false"/>
            <line number="262" hits="4" branch="true" condition-coverage="100% (4/4)"/>
            <line number="263" hits="3" branch="false"/>
            <line number="264" hits="3" branch="false"/>
            <line number="266" hits="1" branch="false"/>
            <line number="267" hits="1" branch="false"/>
            <line number="271" hits="4" branch="false"/>
            <line number="282" hits="4" branch="false"/>
            <line number="285" hits="4" branch="false"/>
            <line number="286" hits="4" branch="true" condition-coverage="100% (2/2)"/>
            <line number="287" hits="2" branch="false"/>
            <line number="288" hits="2" branch="false"/>
            <line number="290" hits="2" branch="true" condition-coverage="100% (2/2)"/>
            <line number="291" hits="1" branch="false"/>
            <line number="292" hits="1" branch="false"/>
            <line number="295" hits="1" branch="false"/>
            <line number="313" hits="1" branch="false"/>
            <line number="314" hits="1" branch="false"/>
            <line number="316" hits="1" branch="false"/>
            <line number="320" hits="1" branch="false"/>
            <line number="321" hits="1" branch="false"/>
            <line number="322" hits="1" branch="false"/>
            <line number="324" hits="1" branch="false"/>
            <line number="330" hits="0" branch="false"/>
            <line number="347" hits="9" branch="false"/>
            <line number="348" hits="9" branch="false"/>
            <line number="349" hits="9" branch="false"/>
            <line number="351" hits="8" branch="true" condition-coverage="100% (2/2)"/>
            <line number="352" hits="7" branch="true" condition-coverage="100% (4/4)"/>
            <line number="353" hits="1" branch="false"/>
            <line number="356" hits="7" branch="true" condition-coverage="100% (2/2)"/>
            <line number="362" hits="3" branch="false"/>
            <line number="364" hits="3" branch="true" condition-coverage="100% (2/2)"/>
            <line number="365" hits="2" branch="false"/>
            <line number="366" hits="2" branch="true" condition-coverage="100% (2/2)"/>
            <line number="367" hits="1" branch="false"/>
            <line number="368" hits="1" branch="false"/>
            <line number="369" hits="1" branch="false"/>
            <line number="371" hits="1" branch="false"/>
            <line number="372" hits="1" branch="false"/>
            <line number="373" hits="1" branch="false"/>
            <line number="374" hits="1" branch="false"/>
            <line number="375" hits="1" branch="false"/>
            <line number="377" hits="1" branch="false"/>
            <line number="384" hits="1" branch="false"/>
            <line number="385" hits="1" branch="false"/>
            <line number="405" hits="6" branch="false"/>
            <line number="407" hits="6" branch="false"/>
            <line number="409" hits="6" branch="false"/>
            <line number="410" hits="6" branch="false"/>
            <line number="411" hits="6" branch="false"/>
            <line number="412" hits="6" branch="false"/>
            <line number="413" hits="6" branch="false"/>
            <line number="414" hits="6" branch="false"/>
            <line number="415" hits="6" branch="false"/>
            <line number="416" hits="6" branch="false"/>
            <line number="417" hits="6" branch="false"/>
            <line number="418" hits="6" branch="false"/>
            <line number="419" hits="6" branch="false"/>
            <line number="420" hits="6" branch="false"/>
            <line number="421" hits="6" branch="false"/>
            <line number="422" hits="6" branch="false"/>
            <line number="423" hits="6" branch="false"/>
            <line number="425" hits="6" branch="true" condition-coverage="100% (4/4)"/>
            <line number="426" hits="2" branch="false"/>
            <line number="429" hits="6" branch="false"/>
            <line number="431" hits="6" branch="true" condition-coverage="100% (2/2)"/>
            <line number="433" hits="4" branch="false"/>
            <line number="436" hits="6" branch="false"/>
            <line number="439" hits="1" branch="false"/>
            <line number="440" hits="1" branch="false"/>
            <line number="442" hits="1" branch="false"/>
            <line number="443" hits="1" branch="false"/>
            <line number="457" hits="2" branch="false"/>
            <line number="458" hits="2" branch="false"/>
            <line number="459" hits="2" branch="false"/>
            <line number="460" hits="2" branch="false"/>
            <line number="461" hits="1" branch="false"/>
            <line number="462" hits="1" branch="false"/>
            <line number="464" hits="1" branch="false"/>
            <line number="465" hits="1" branch="false"/>
            <line number="466" hits="1" branch="false"/>
            <line number="467" hits="1" branch="true" condition-coverage="50% (1/2)"/>
            <line number="468" hits="1" branch="false"/>
            <line number="472" hits="1" branch="false"/>
            <line number="474" hits="1" branch="false"/>
            <line number="475" hits="1" branch="false"/>
            <line number="489" hits="2" branch="false"/>
            <line number="490" hits="2" branch="false"/>
            <line number="491" hits="8" branch="false"/>
            <line number="492" hits="1" branch="false"/>
            <line number="498" hits="1" branch="false"/>
            <line number="499" hits="1" branch="false"/>
            <line number="500" hits="1" branch="false"/>
            <line number="502" hits="1" branch="false"/>
            <line number="504" hits="1" branch="false"/>
            <line number="505" hits="1" branch="false"/>
            <line number="519" hits="3" branch="false"/>
            <line number="521" hits="3" branch="false"/>
            <line number="522" hits="3" branch="false"/>
            <line number="549" hits="2" branch="true" condition-coverage="100% (2/2)"/>
            <line number="550" hits="1" branch="false"/>
            <line number="552" hits="1" branch="true" condition-coverage="50% (1/2)"/>
            <line number="558" hits="1" branch="false"/>
            <line number="559" hits="1" branch="false"/>
            <line number="566" hits="1" branch="true" condition-coverage="50% (1/2)"/>
            <line number="572" hits="1" branch="false"/>
            <line number="573" hits="1" branch="false"/>
            <line number="581" hits="2" branch="false"/>
            <line number="582" hits="2" branch="false"/>
            <line number="584" hits="1" branch="false"/>
            <line number="587" hits="1" branch="false"/>
            <line number="588" hits="1" branch="false"/>
            <line number="590" hits="1" branch="false"/>
            <line number="591" hits="1" branch="false"/>
            <line number="605" hits="3" branch="false"/>
            <line number="606" hits="3" branch="false"/>
            <line number="607" hits="3" branch="false"/>
            <line number="608" hits="3" branch="false"/>
            <line number="609" hits="3" branch="false"/>
            <line number="614" hits="2" branch="false"/>
            <line number="615" hits="2" branch="true" condition-coverage="75% (3/4)"/>
            <line number="616" hits="2" branch="true" condition-coverage="75% (3/4)"/>
            <line number="617" hits="2" branch="true" condition-coverage="66.66666666666666% (2/3)"/>
            <line number="618" hits="2" branch="true" condition-coverage="66.66666666666666% (2/3)"/>
            <line number="619" hits="2" branch="true" condition-coverage="66.66666666666666% (2/3)"/>
            <line number="620" hits="2" branch="false"/>
            <line number="622" hits="2" branch="false"/>
            <line number="626" hits="2" branch="true" condition-coverage="50% (1/2)"/>
            <line number="627" hits="2" branch="true" condition-coverage="50% (1/2)"/>
            <line number="628" hits="2" branch="false"/>
            <line number="630" hits="2" branch="true" condition-coverage="50% (1/2)"/>
            <line number="631" hits="2" branch="false"/>
            <line number="633" hits="2" branch="true" condition-coverage="50% (1/2)"/>
            <line number="634" hits="2" branch="false"/>
            <line number="636" hits="2" branch="true" condition-coverage="50% (1/2)"/>
            <line number="637" hits="2" branch="false"/>
            <line number="639" hits="2" branch="true" condition-coverage="50% (1/2)"/>
            <line number="640" hits="2" branch="false"/>
            <line number="642" hits="2" branch="true" condition-coverage="50% (1/2)"/>
            <line number="643" hits="2" branch="false"/>
            <line number="645" hits="2" branch="true" condition-coverage="50% (1/2)"/>
            <line number="646" hits="2" branch="false"/>
            <line number="647" hits="2" branch="true" condition-coverage="100% (2/2)"/>
            <line number="648" hits="1" branch="false"/>
            <line number="652" hits="1" branch="false"/>
            <line number="653" hits="1" branch="false"/>
            <line number="664" hits="2" branch="false"/>
            <line number="666" hits="2" branch="false"/>
            <line number="788" hits="2" branch="true" condition-coverage="50% (1/2)"/>
            <line number="789" hits="2" branch="false"/>
            <line number="791" hits="2" branch="false"/>
            <line number="792" hits="2" branch="false"/>
            <line number="793" hits="2" branch="false"/>
            <line number="797" hits="2" branch="false"/>
            <line number="799" hits="1" branch="false"/>
            <line number="800" hits="1" branch="false"/>
            <line number="814" hits="3" branch="false"/>
            <line number="816" hits="3" branch="false"/>
            <line number="817" hits="3" branch="false"/>
            <line number="824" hits="2" branch="true" condition-coverage="100% (2/2)"/>
            <line number="825" hits="1" branch="false"/>
            <line number="828" hits="1" branch="false"/>
            <line number="830" hits="1" branch="false"/>
            <line number="831" hits="1" branch="false"/>
            <line number="845" hits="3" branch="false"/>
            <line number="847" hits="3" branch="false"/>
            <line number="848" hits="3" branch="false"/>
            <line number="855" hits="2" branch="true" condition-coverage="100% (5/5)"/>
            <line number="856" hits="1" branch="false"/>
            <line number="857" hits="1" branch="false"/>
            <line number="860" hits="1" branch="false"/>
            <line number="862" hits="1" branch="false"/>
            <line number="865" hits="1" branch="false"/>
            <line number="867" hits="1" branch="false"/>
            <line number="868" hits="1" branch="false"/>
          </lines>
        </class>
        <class name="carController.ts" filename="src\controllers\carController.ts" line-rate="1" branch-rate="0.8269">
          <methods>
            <method name="create" hits="4" signature="()V">
              <lines>
                <line number="23" hits="4"/>
              </lines>
            </method>
            <method name="update" hits="3" signature="()V">
              <lines>
                <line number="68" hits="3"/>
              </lines>
            </method>
            <method name="(anonymous_2)" hits="1" signature="()V">
              <lines>
                <line number="104" hits="1"/>
              </lines>
            </method>
            <method name="checkCar" hits="4" signature="()V">
              <lines>
                <line number="144" hits="4"/>
              </lines>
            </method>
            <method name="deleteCar" hits="4" signature="()V">
              <lines>
                <line number="174" hits="4"/>
              </lines>
            </method>
            <method name="createImage" hits="2" signature="()V">
              <lines>
                <line number="208" hits="2"/>
              </lines>
            </method>
            <method name="updateImage" hits="5" signature="()V">
              <lines>
                <line number="234" hits="5"/>
              </lines>
            </method>
            <method name="deleteImage" hits="3" signature="()V">
              <lines>
                <line number="282" hits="3"/>
              </lines>
            </method>
            <method name="deleteTempImage" hits="2" signature="()V">
              <lines>
                <line number="317" hits="2"/>
              </lines>
            </method>
            <method name="getCar" hits="3" signature="()V">
              <lines>
                <line number="344" hits="3"/>
              </lines>
            </method>
            <method name="(anonymous_10)" hits="2" signature="()V">
              <lines>
                <line number="376" hits="2"/>
              </lines>
            </method>
            <method name="getCars" hits="9" signature="()V">
              <lines>
                <line number="398" hits="9"/>
              </lines>
            </method>
            <method name="(anonymous_12)" hits="8" signature="()V">
              <lines>
                <line number="403" hits="8"/>
              </lines>
            </method>
            <method name="getBookingCars" hits="2" signature="()V">
              <lines>
                <line number="524" hits="2"/>
              </lines>
            </method>
            <method name="getFrontendCars" hits="6" signature="()V">
              <lines>
                <line number="568" hits="6"/>
              </lines>
            </method>
            <method name="(anonymous_15)" hits="5" signature="()V">
              <lines>
                <line number="573" hits="5"/>
              </lines>
            </method>
          </methods>
          <lines>
            <line number="24" hits="4" branch="false"/>
            <line number="26" hits="4" branch="false"/>
            <line number="27" hits="4" branch="true" condition-coverage="100% (2/2)"/>
            <line number="28" hits="1" branch="false"/>
            <line number="29" hits="1" branch="false"/>
            <line number="32" hits="3" branch="false"/>
            <line number="33" hits="3" branch="false"/>
            <line number="35" hits="2" branch="true" condition-coverage="50% (1/2)"/>
            <line number="36" hits="2" branch="false"/>
            <line number="38" hits="2" branch="true" condition-coverage="100% (2/2)"/>
            <line number="39" hits="1" branch="false"/>
            <line number="40" hits="1" branch="false"/>
            <line number="42" hits="1" branch="false"/>
            <line number="43" hits="1" branch="false"/>
            <line number="44" hits="1" branch="false"/>
            <line number="46" hits="1" branch="false"/>
            <line number="47" hits="1" branch="false"/>
            <line number="48" hits="1" branch="false"/>
            <line number="52" hits="1" branch="false"/>
            <line number="54" hits="1" branch="false"/>
            <line number="55" hits="1" branch="false"/>
            <line number="69" hits="3" branch="false"/>
            <line number="70" hits="3" branch="false"/>
            <line number="72" hits="3" branch="false"/>
            <line number="73" hits="3" branch="true" condition-coverage="100% (2/2)"/>
            <line number="74" hits="1" branch="false"/>
            <line number="76" hits="2" branch="false"/>
            <line number="78" hits="2" branch="true" condition-coverage="100% (2/2)"/>
            <line number="100" hits="1" branch="false"/>
            <line number="102" hits="1" branch="false"/>
            <line number="103" hits="1" branch="false"/>
            <line number="104" hits="1" branch="false"/>
            <line number="105" hits="1" branch="false"/>
            <line number="106" hits="1" branch="false"/>
            <line number="107" hits="1" branch="false"/>
            <line number="108" hits="1" branch="false"/>
            <line number="109" hits="1" branch="false"/>
            <line number="110" hits="1" branch="false"/>
            <line number="111" hits="1" branch="false"/>
            <line number="112" hits="1" branch="false"/>
            <line number="113" hits="1" branch="false"/>
            <line number="114" hits="1" branch="false"/>
            <line number="115" hits="1" branch="false"/>
            <line number="116" hits="1" branch="false"/>
            <line number="117" hits="1" branch="false"/>
            <line number="118" hits="1" branch="false"/>
            <line number="119" hits="1" branch="false"/>
            <line number="120" hits="1" branch="false"/>
            <line number="121" hits="1" branch="false"/>
            <line number="123" hits="1" branch="false"/>
            <line number="124" hits="1" branch="false"/>
            <line number="127" hits="1" branch="false"/>
            <line number="128" hits="1" branch="false"/>
            <line number="130" hits="1" branch="false"/>
            <line number="131" hits="1" branch="false"/>
            <line number="145" hits="4" branch="false"/>
            <line number="147" hits="4" branch="false"/>
            <line number="148" hits="4" branch="false"/>
            <line number="149" hits="2" branch="false"/>
            <line number="154" hits="2" branch="true" condition-coverage="100% (2/2)"/>
            <line number="155" hits="1" branch="false"/>
            <line number="158" hits="1" branch="false"/>
            <line number="160" hits="2" branch="false"/>
            <line number="161" hits="2" branch="false"/>
            <line number="175" hits="4" branch="false"/>
            <line number="177" hits="4" branch="false"/>
            <line number="178" hits="4" branch="false"/>
            <line number="179" hits="2" branch="true" condition-coverage="100% (2/2)"/>
            <line number="180" hits="1" branch="false"/>
            <line number="182" hits="1" branch="true" condition-coverage="50% (1/2)"/>
            <line number="183" hits="1" branch="false"/>
            <line number="184" hits="1" branch="true" condition-coverage="50% (1/2)"/>
            <line number="185" hits="1" branch="false"/>
            <line number="188" hits="1" branch="false"/>
            <line number="190" hits="1" branch="false"/>
            <line number="192" hits="1" branch="false"/>
            <line number="194" hits="2" branch="false"/>
            <line number="195" hits="2" branch="false"/>
            <line number="209" hits="2" branch="false"/>
            <line number="210" hits="2" branch="true" condition-coverage="100% (2/2)"/>
            <line number="211" hits="1" branch="false"/>
            <line number="214" hits="1" branch="false"/>
            <line number="215" hits="1" branch="false"/>
            <line number="217" hits="1" branch="false"/>
            <line number="218" hits="1" branch="false"/>
            <line number="220" hits="1" branch="false"/>
            <line number="221" hits="1" branch="false"/>
            <line number="235" hits="5" branch="false"/>
            <line number="237" hits="5" branch="false"/>
            <line number="238" hits="5" branch="true" condition-coverage="100% (2/2)"/>
            <line number="239" hits="1" branch="false"/>
            <line number="240" hits="1" branch="false"/>
            <line number="241" hits="1" branch="false"/>
            <line number="244" hits="4" branch="false"/>
            <line number="246" hits="4" branch="false"/>
            <line number="248" hits="3" branch="true" condition-coverage="100% (2/2)"/>
            <line number="249" hits="2" branch="true" condition-coverage="100% (2/2)"/>
            <line number="250" hits="1" branch="false"/>
            <line number="251" hits="1" branch="true" condition-coverage="50% (1/2)"/>
            <line number="252" hits="1" branch="false"/>
            <line number="256" hits="2" branch="false"/>
            <line number="257" hits="2" branch="false"/>
            <line number="259" hits="2" branch="false"/>
            <line number="260" hits="2" branch="false"/>
            <line number="261" hits="2" branch="false"/>
            <line number="262" hits="2" branch="false"/>
            <line number="265" hits="1" branch="false"/>
            <line number="266" hits="1" branch="false"/>
            <line number="268" hits="1" branch="false"/>
            <line number="269" hits="1" branch="false"/>
            <line number="283" hits="3" branch="false"/>
            <line number="285" hits="3" branch="false"/>
            <line number="286" hits="3" branch="false"/>
            <line number="288" hits="2" branch="true" condition-coverage="100% (2/2)"/>
            <line number="289" hits="1" branch="true" condition-coverage="50% (1/2)"/>
            <line number="290" hits="1" branch="false"/>
            <line number="291" hits="1" branch="true" condition-coverage="50% (1/2)"/>
            <line number="292" hits="1" branch="false"/>
            <line number="295" hits="1" branch="false"/>
            <line number="297" hits="1" branch="false"/>
            <line number="298" hits="1" branch="false"/>
            <line number="300" hits="1" branch="false"/>
            <line number="301" hits="1" branch="false"/>
            <line number="303" hits="1" branch="false"/>
            <line number="304" hits="1" branch="false"/>
            <line number="318" hits="2" branch="false"/>
            <line number="320" hits="2" branch="false"/>
            <line number="321" hits="2" branch="false"/>
            <line number="322" hits="2" branch="true" condition-coverage="100% (2/2)"/>
            <line number="323" hits="1" branch="false"/>
            <line number="326" hits="1" branch="false"/>
            <line number="328" hits="1" branch="false"/>
            <line number="330" hits="1" branch="false"/>
            <line number="331" hits="1" branch="false"/>
            <line number="345" hits="3" branch="false"/>
            <line number="347" hits="3" branch="false"/>
            <line number="348" hits="3" branch="false"/>
            <line number="359" hits="2" branch="true" condition-coverage="100% (2/2)"/>
            <line number="360" hits="1" branch="true" condition-coverage="50% (1/2)"/>
            <line number="366" hits="1" branch="false"/>
            <line number="367" hits="1" branch="false"/>
            <line number="375" hits="1" branch="false"/>
            <line number="376" hits="2" branch="false"/>
            <line number="379" hits="1" branch="false"/>
            <line number="381" hits="1" branch="false"/>
            <line number="382" hits="1" branch="false"/>
            <line number="384" hits="1" branch="false"/>
            <line number="385" hits="1" branch="false"/>
            <line number="399" hits="9" branch="false"/>
            <line number="400" hits="9" branch="false"/>
            <line number="401" hits="9" branch="false"/>
            <line number="402" hits="9" branch="false"/>
            <line number="403" hits="9" branch="false"/>
            <line number="410" hits="8" branch="false"/>
            <line number="411" hits="8" branch="true" condition-coverage="100% (2/2)"/>
            <line number="412" hits="8" branch="false"/>
            <line number="414" hits="8" branch="false"/>
            <line number="418" hits="8" branch="true" condition-coverage="50% (1/2)"/>
            <line number="419" hits="8" branch="true" condition-coverage="50% (1/2)"/>
            <line number="420" hits="8" branch="false"/>
            <line number="423" hits="8" branch="true" condition-coverage="50% (1/2)"/>
            <line number="424" hits="8" branch="false"/>
            <line number="427" hits="8" branch="true" condition-coverage="50% (1/2)"/>
            <line number="428" hits="8" branch="true" condition-coverage="100% (4/4)"/>
            <line number="429" hits="5" branch="false"/>
            <line number="430" hits="3" branch="true" condition-coverage="100% (4/4)"/>
            <line number="431" hits="1" branch="false"/>
            <line number="432" hits="2" branch="true" condition-coverage="100% (2/2)"/>
            <line number="433" hits="1" branch="false"/>
            <line number="437" hits="7" branch="true" condition-coverage="100% (4/4)"/>
            <line number="438" hits="4" branch="false"/>
            <line number="441" hits="7" branch="true" condition-coverage="50% (1/2)"/>
            <line number="442" hits="7" branch="true" condition-coverage="100% (4/4)"/>
            <line number="443" hits="1" branch="false"/>
            <line number="444" hits="6" branch="true" condition-coverage="100% (4/4)"/>
            <line number="446" hits="1" branch="false"/>
            <line number="447" hits="5" branch="true" condition-coverage="100% (2/2)"/>
            <line number="448" hits="1" branch="false"/>
            <line number="453" hits="6" branch="false"/>
            <line number="499" hits="6" branch="true" condition-coverage="50% (1/2)"/>
            <line number="500" hits="6" branch="false"/>
            <line number="501" hits="4" branch="true" condition-coverage="50% (1/2)"/>
            <line number="502" hits="4" branch="false"/>
            <line number="503" hits="4" branch="false"/>
            <line number="508" hits="6" branch="false"/>
            <line number="510" hits="1" branch="false"/>
            <line number="511" hits="1" branch="false"/>
            <line number="525" hits="2" branch="false"/>
            <line number="526" hits="2" branch="false"/>
            <line number="527" hits="2" branch="false"/>
            <line number="528" hits="2" branch="false"/>
            <line number="529" hits="2" branch="true" condition-coverage="100% (2/2)"/>
            <line number="530" hits="2" branch="false"/>
            <line number="531" hits="2" branch="false"/>
            <line number="532" hits="2" branch="false"/>
            <line number="534" hits="2" branch="false"/>
            <line number="552" hits="1" branch="false"/>
            <line number="554" hits="1" branch="false"/>
            <line number="555" hits="1" branch="false"/>
            <line number="569" hits="6" branch="false"/>
            <line number="570" hits="6" branch="false"/>
            <line number="571" hits="6" branch="false"/>
            <line number="572" hits="6" branch="false"/>
            <line number="573" hits="6" branch="false"/>
            <line number="574" hits="5" branch="false"/>
            <line number="580" hits="5" branch="false"/>
            <line number="582" hits="5" branch="false"/>
            <line number="591" hits="5" branch="true" condition-coverage="50% (1/2)"/>
            <line number="592" hits="5" branch="true" condition-coverage="50% (1/2)"/>
            <line number="593" hits="5" branch="true" condition-coverage="100% (4/4)"/>
            <line number="594" hits="2" branch="false"/>
            <line number="595" hits="3" branch="true" condition-coverage="100% (4/4)"/>
            <line number="596" hits="1" branch="false"/>
            <line number="597" hits="2" branch="true" condition-coverage="100% (2/2)"/>
            <line number="598" hits="1" branch="false"/>
            <line number="602" hits="4" branch="true" condition-coverage="100% (4/4)"/>
            <line number="603" hits="1" branch="false"/>
            <line number="607" hits="4" branch="false"/>
            <line number="653" hits="4" branch="true" condition-coverage="50% (1/2)"/>
            <line number="654" hits="4" branch="false"/>
            <line number="655" hits="3" branch="true" condition-coverage="50% (1/2)"/>
            <line number="656" hits="3" branch="false"/>
            <line number="657" hits="3" branch="false"/>
            <line number="662" hits="4" branch="false"/>
            <line number="664" hits="1" branch="false"/>
            <line number="665" hits="1" branch="false"/>
          </lines>
        </class>
        <class name="locationController.ts" filename="src\controllers\locationController.ts" line-rate="1" branch-rate="1">
          <methods>
            <method name="validate" hits="3" signature="()V">
              <lines>
                <line number="20" hits="3"/>
              </lines>
            </method>
            <method name="create" hits="2" signature="()V">
              <lines>
                <line number="48" hits="2"/>
              </lines>
            </method>
            <method name="update" hits="3" signature="()V">
              <lines>
                <line number="81" hits="3"/>
              </lines>
            </method>
            <method name="(anonymous_3)" hits="6" signature="()V">
              <lines>
                <line number="91" hits="6"/>
              </lines>
            </method>
            <method name="deleteLocation" hits="3" signature="()V">
              <lines>
                <line number="125" hits="3"/>
              </lines>
            </method>
            <method name="getLocation" hits="3" signature="()V">
              <lines>
                <line number="153" hits="3"/>
              </lines>
            </method>
            <method name="(anonymous_6)" hits="6" signature="()V">
              <lines>
                <line number="160" hits="6"/>
              </lines>
            </method>
            <method name="getLocations" hits="2" signature="()V">
              <lines>
                <line number="181" hits="2"/>
              </lines>
            </method>
            <method name="checkLocation" hits="3" signature="()V">
              <lines>
                <line number="241" hits="3"/>
              </lines>
            </method>
          </methods>
          <lines>
            <line number="21" hits="3" branch="false"/>
            <line number="22" hits="3" branch="false"/>
            <line number="24" hits="3" branch="false"/>
            <line number="25" hits="3" branch="false"/>
            <line number="26" hits="2" branch="false"/>
            <line number="28" hits="2" branch="false"/>
            <line number="32" hits="2" branch="true" condition-coverage="100% (2/2)"/>
            <line number="34" hits="1" branch="false"/>
            <line number="35" hits="1" branch="false"/>
            <line number="49" hits="2" branch="false"/>
            <line number="50" hits="2" branch="false"/>
            <line number="52" hits="2" branch="false"/>
            <line number="53" hits="2" branch="false"/>
            <line number="54" hits="2" branch="false"/>
            <line number="55" hits="2" branch="false"/>
            <line number="59" hits="2" branch="false"/>
            <line number="60" hits="2" branch="false"/>
            <line number="63" hits="1" branch="false"/>
            <line number="64" hits="1" branch="false"/>
            <line number="65" hits="1" branch="false"/>
            <line number="67" hits="1" branch="false"/>
            <line number="68" hits="1" branch="false"/>
            <line number="82" hits="3" branch="false"/>
            <line number="84" hits="3" branch="false"/>
            <line number="85" hits="3" branch="false"/>
            <line number="87" hits="3" branch="true" condition-coverage="100% (2/2)"/>
            <line number="88" hits="2" branch="false"/>
            <line number="90" hits="2" branch="false"/>
            <line number="91" hits="6" branch="false"/>
            <line number="92" hits="3" branch="true" condition-coverage="100% (2/2)"/>
            <line number="93" hits="2" branch="false"/>
            <line number="94" hits="2" branch="false"/>
            <line number="96" hits="1" branch="false"/>
            <line number="100" hits="1" branch="false"/>
            <line number="101" hits="1" branch="false"/>
            <line number="102" hits="1" branch="false"/>
            <line number="105" hits="1" branch="false"/>
            <line number="108" hits="1" branch="false"/>
            <line number="109" hits="1" branch="false"/>
            <line number="111" hits="1" branch="false"/>
            <line number="112" hits="1" branch="false"/>
            <line number="126" hits="3" branch="false"/>
            <line number="128" hits="3" branch="false"/>
            <line number="129" hits="3" branch="false"/>
            <line number="130" hits="2" branch="true" condition-coverage="100% (2/2)"/>
            <line number="131" hits="1" branch="false"/>
            <line number="132" hits="1" branch="false"/>
            <line number="133" hits="1" branch="false"/>
            <line number="135" hits="1" branch="false"/>
            <line number="136" hits="1" branch="false"/>
            <line number="137" hits="1" branch="false"/>
            <line number="139" hits="1" branch="false"/>
            <line number="140" hits="1" branch="false"/>
            <line number="154" hits="3" branch="false"/>
            <line number="156" hits="3" branch="false"/>
            <line number="157" hits="3" branch="false"/>
            <line number="159" hits="3" branch="true" condition-coverage="100% (2/2)"/>
            <line number="160" hits="6" branch="false"/>
            <line number="161" hits="1" branch="false"/>
            <line number="162" hits="1" branch="false"/>
            <line number="164" hits="1" branch="false"/>
            <line number="165" hits="1" branch="false"/>
            <line number="167" hits="1" branch="false"/>
            <line number="168" hits="1" branch="false"/>
            <line number="182" hits="2" branch="false"/>
            <line number="183" hits="2" branch="false"/>
            <line number="184" hits="2" branch="false"/>
            <line number="185" hits="2" branch="false"/>
            <line number="186" hits="2" branch="true" condition-coverage="100% (2/2)"/>
            <line number="187" hits="2" branch="false"/>
            <line number="189" hits="2" branch="false"/>
            <line number="225" hits="1" branch="false"/>
            <line number="227" hits="1" branch="false"/>
            <line number="228" hits="1" branch="false"/>
            <line number="242" hits="3" branch="false"/>
            <line number="244" hits="3" branch="false"/>
            <line number="245" hits="3" branch="false"/>
            <line number="247" hits="2" branch="false"/>
            <line number="252" hits="2" branch="true" condition-coverage="100% (2/2)"/>
            <line number="253" hits="1" branch="false"/>
            <line number="256" hits="1" branch="false"/>
            <line number="258" hits="1" branch="false"/>
            <line number="259" hits="1" branch="false"/>
          </lines>
        </class>
        <class name="notificationController.ts" filename="src\controllers\notificationController.ts" line-rate="1" branch-rate="1">
          <methods>
            <method name="notificationCounter" hits="3" signature="()V">
              <lines>
                <line number="16" hits="3"/>
              </lines>
            </method>
            <method name="getNotifications" hits="2" signature="()V">
              <lines>
                <line number="42" hits="2"/>
              </lines>
            </method>
            <method name="markAsRead" hits="3" signature="()V">
              <lines>
                <line number="80" hits="3"/>
              </lines>
            </method>
            <method name="(anonymous_3)" hits="2" signature="()V">
              <lines>
                <line number="84" hits="2"/>
              </lines>
            </method>
            <method name="markAsUnRead" hits="3" signature="()V">
              <lines>
                <line number="127" hits="3"/>
              </lines>
            </method>
            <method name="(anonymous_5)" hits="2" signature="()V">
              <lines>
                <line number="131" hits="2"/>
              </lines>
            </method>
            <method name="deleteNotifications" hits="3" signature="()V">
              <lines>
                <line number="174" hits="3"/>
              </lines>
            </method>
            <method name="(anonymous_7)" hits="4" signature="()V">
              <lines>
                <line number="178" hits="4"/>
              </lines>
            </method>
          </methods>
          <lines>
            <line number="17" hits="3" branch="false"/>
            <line number="18" hits="3" branch="false"/>
            <line number="19" hits="3" branch="false"/>
            <line number="21" hits="2" branch="true" condition-coverage="100% (2/2)"/>
            <line number="22" hits="1" branch="false"/>
            <line number="24" hits="1" branch="false"/>
            <line number="25" hits="1" branch="false"/>
            <line number="26" hits="1" branch="false"/>
            <line number="28" hits="1" branch="false"/>
            <line number="29" hits="1" branch="false"/>
            <line number="43" hits="2" branch="false"/>
            <line number="45" hits="2" branch="false"/>
            <line number="46" hits="2" branch="false"/>
            <line number="47" hits="2" branch="false"/>
            <line number="48" hits="2" branch="false"/>
            <line number="50" hits="2" branch="false"/>
            <line number="64" hits="1" branch="false"/>
            <line number="66" hits="1" branch="false"/>
            <line number="67" hits="1" branch="false"/>
            <line number="81" hits="3" branch="false"/>
            <line number="82" hits="3" branch="false"/>
            <line number="83" hits="3" branch="false"/>
            <line number="84" hits="3" branch="false"/>
            <line number="85" hits="2" branch="false"/>
            <line number="86" hits="2" branch="false"/>
            <line number="88" hits="2" branch="false"/>
            <line number="89" hits="2" branch="false"/>
            <line number="93" hits="2" branch="false"/>
            <line number="95" hits="2" branch="false"/>
            <line number="96" hits="2" branch="false"/>
            <line number="104" hits="2" branch="false"/>
            <line number="105" hits="2" branch="true" condition-coverage="100% (4/4)"/>
            <line number="106" hits="1" branch="false"/>
            <line number="108" hits="1" branch="false"/>
            <line number="109" hits="1" branch="false"/>
            <line number="111" hits="1" branch="false"/>
            <line number="113" hits="1" branch="false"/>
            <line number="114" hits="1" branch="false"/>
            <line number="128" hits="3" branch="false"/>
            <line number="129" hits="3" branch="false"/>
            <line number="130" hits="3" branch="false"/>
            <line number="131" hits="3" branch="false"/>
            <line number="132" hits="2" branch="false"/>
            <line number="133" hits="2" branch="false"/>
            <line number="135" hits="2" branch="false"/>
            <line number="136" hits="2" branch="false"/>
            <line number="140" hits="2" branch="false"/>
            <line number="142" hits="2" branch="false"/>
            <line number="143" hits="2" branch="false"/>
            <line number="151" hits="2" branch="false"/>
            <line number="152" hits="2" branch="true" condition-coverage="100% (4/4)"/>
            <line number="153" hits="1" branch="false"/>
            <line number="155" hits="1" branch="false"/>
            <line number="156" hits="1" branch="false"/>
            <line number="158" hits="1" branch="false"/>
            <line number="160" hits="1" branch="false"/>
            <line number="161" hits="1" branch="false"/>
            <line number="175" hits="3" branch="false"/>
            <line number="176" hits="3" branch="false"/>
            <line number="177" hits="3" branch="false"/>
            <line number="178" hits="4" branch="false"/>
            <line number="179" hits="2" branch="false"/>
            <line number="180" hits="2" branch="false"/>
            <line number="182" hits="2" branch="false"/>
            <line number="186" hits="2" branch="false"/>
            <line number="188" hits="2" branch="false"/>
            <line number="189" hits="2" branch="true" condition-coverage="100% (4/4)"/>
            <line number="190" hits="1" branch="false"/>
            <line number="192" hits="1" branch="false"/>
            <line number="193" hits="1" branch="false"/>
            <line number="195" hits="1" branch="false"/>
            <line number="197" hits="1" branch="false"/>
            <line number="198" hits="1" branch="false"/>
          </lines>
        </class>
        <class name="supplierController.ts" filename="src\controllers\supplierController.ts" line-rate="1" branch-rate="0.75">
          <methods>
            <method name="validate" hits="3" signature="()V">
              <lines>
                <line number="25" hits="3"/>
              </lines>
            </method>
            <method name="update" hits="3" signature="()V">
              <lines>
                <line number="52" hits="3"/>
              </lines>
            </method>
            <method name="deleteSupplier" hits="3" signature="()V">
              <lines>
                <line number="103" hits="3"/>
              </lines>
            </method>
            <method name="(anonymous_3)" hits="1" signature="()V">
              <lines>
                <line number="119" hits="1"/>
              </lines>
            </method>
            <method name="getSupplier" hits="3" signature="()V">
              <lines>
                <line number="152" hits="3"/>
              </lines>
            </method>
            <method name="getSuppliers" hits="2" signature="()V">
              <lines>
                <line number="198" hits="2"/>
              </lines>
            </method>
            <method name="(anonymous_6)" hits="6" signature="()V">
              <lines>
                <line number="228" hits="6"/>
              </lines>
            </method>
            <method name="getAllSuppliers" hits="2" signature="()V">
              <lines>
                <line number="250" hits="2"/>
              </lines>
            </method>
            <method name="(anonymous_8)" hits="6" signature="()V">
              <lines>
                <line number="261" hits="6"/>
              </lines>
            </method>
          </methods>
          <lines>
            <line number="26" hits="3" branch="false"/>
            <line number="27" hits="3" branch="false"/>
            <line number="29" hits="3" branch="false"/>
            <line number="30" hits="3" branch="false"/>
            <line number="31" hits="2" branch="false"/>
            <line number="32" hits="2" branch="false"/>
            <line number="36" hits="2" branch="true" condition-coverage="100% (2/2)"/>
            <line number="38" hits="1" branch="false"/>
            <line number="39" hits="1" branch="false"/>
            <line number="53" hits="3" branch="false"/>
            <line number="54" hits="3" branch="false"/>
            <line number="56" hits="3" branch="false"/>
            <line number="57" hits="3" branch="true" condition-coverage="100% (2/2)"/>
            <line number="58" hits="1" branch="false"/>
            <line number="60" hits="2" branch="false"/>
            <line number="62" hits="2" branch="true" condition-coverage="100% (2/2)"/>
            <line number="69" hits="1" branch="false"/>
            <line number="70" hits="1" branch="false"/>
            <line number="71" hits="1" branch="false"/>
            <line number="72" hits="1" branch="false"/>
            <line number="73" hits="1" branch="false"/>
            <line number="74" hits="1" branch="false"/>
            <line number="76" hits="1" branch="false"/>
            <line number="77" hits="1" branch="false"/>
            <line number="86" hits="1" branch="false"/>
            <line number="87" hits="1" branch="false"/>
            <line number="89" hits="1" branch="false"/>
            <line number="90" hits="1" branch="false"/>
            <line number="104" hits="3" branch="false"/>
            <line number="106" hits="3" branch="false"/>
            <line number="107" hits="3" branch="false"/>
            <line number="108" hits="2" branch="true" condition-coverage="100% (2/2)"/>
            <line number="109" hits="1" branch="false"/>
            <line number="111" hits="1" branch="true" condition-coverage="50% (1/2)"/>
            <line number="112" hits="1" branch="false"/>
            <line number="113" hits="1" branch="true" condition-coverage="50% (1/2)"/>
            <line number="114" hits="1" branch="false"/>
            <line number="117" hits="1" branch="false"/>
            <line number="118" hits="1" branch="false"/>
            <line number="119" hits="1" branch="false"/>
            <line number="120" hits="1" branch="false"/>
            <line number="121" hits="1" branch="false"/>
            <line number="122" hits="1" branch="false"/>
            <line number="123" hits="1" branch="false"/>
            <line number="124" hits="1" branch="false"/>
            <line number="125" hits="1" branch="true" condition-coverage="50% (1/2)"/>
            <line number="126" hits="1" branch="false"/>
            <line number="127" hits="1" branch="true" condition-coverage="50% (1/2)"/>
            <line number="128" hits="1" branch="false"/>
            <line number="134" hits="1" branch="false"/>
            <line number="136" hits="1" branch="false"/>
            <line number="138" hits="1" branch="false"/>
            <line number="139" hits="1" branch="false"/>
            <line number="153" hits="3" branch="false"/>
            <line number="155" hits="3" branch="false"/>
            <line number="156" hits="3" branch="false"/>
            <line number="158" hits="2" branch="true" condition-coverage="100% (2/2)"/>
            <line number="159" hits="1" branch="false"/>
            <line number="160" hits="1" branch="false"/>
            <line number="171" hits="1" branch="false"/>
            <line number="173" hits="1" branch="false"/>
            <line number="184" hits="1" branch="false"/>
            <line number="185" hits="1" branch="false"/>
            <line number="199" hits="2" branch="false"/>
            <line number="200" hits="2" branch="false"/>
            <line number="201" hits="2" branch="false"/>
            <line number="202" hits="2" branch="true" condition-coverage="100% (2/2)"/>
            <line number="203" hits="2" branch="false"/>
            <line number="205" hits="2" branch="false"/>
            <line number="227" hits="1" branch="true" condition-coverage="50% (1/2)"/>
            <line number="228" hits="1" branch="false"/>
            <line number="229" hits="6" branch="false"/>
            <line number="230" hits="6" branch="false"/>
            <line number="234" hits="1" branch="false"/>
            <line number="236" hits="1" branch="false"/>
            <line number="237" hits="1" branch="false"/>
            <line number="251" hits="2" branch="false"/>
            <line number="252" hits="2" branch="false"/>
            <line number="260" hits="1" branch="true" condition-coverage="50% (1/2)"/>
            <line number="261" hits="1" branch="false"/>
            <line number="262" hits="6" branch="false"/>
            <line number="263" hits="6" branch="false"/>
            <line number="267" hits="1" branch="false"/>
            <line number="269" hits="1" branch="false"/>
            <line number="270" hits="1" branch="false"/>
          </lines>
        </class>
        <class name="userController.ts" filename="src\controllers\userController.ts" line-rate="1" branch-rate="0.8859999999999999">
          <methods>
            <method name="(anonymous_0)" hits="7" signature="()V">
              <lines>
                <line number="30" hits="7"/>
              </lines>
            </method>
            <method name="(anonymous_1)" hits="5" signature="()V">
              <lines>
                <line number="39" hits="5"/>
              </lines>
            </method>
            <method name="_signup" hits="3" signature="()V">
              <lines>
                <line number="50" hits="3"/>
              </lines>
            </method>
            <method name="signup" hits="2" signature="()V">
              <lines>
                <line number="115" hits="2"/>
              </lines>
            </method>
            <method name="adminSignup" hits="1" signature="()V">
              <lines>
                <line number="127" hits="1"/>
              </lines>
            </method>
            <method name="create" hits="4" signature="()V">
              <lines>
                <line number="140" hits="4"/>
              </lines>
            </method>
            <method name="checkToken" hits="6" signature="()V">
              <lines>
                <line number="214" hits="6"/>
              </lines>
            </method>
            <method name="deleteTokens" hits="3" signature="()V">
              <lines>
                <line number="263" hits="3"/>
              </lines>
            </method>
            <method name="resend" hits="4" signature="()V">
              <lines>
                <line number="291" hits="4"/>
              </lines>
            </method>
            <method name="activate" hits="4" signature="()V">
              <lines>
                <line number="358" hits="4"/>
              </lines>
            </method>
            <method name="signin" hits="63" signature="()V">
              <lines>
                <line number="402" hits="63"/>
              </lines>
            </method>
            <method name="signout" hits="54" signature="()V">
              <lines>
                <line number="511" hits="54"/>
              </lines>
            </method>
            <method name="pushToken" hits="3" signature="()V">
              <lines>
                <line number="528" hits="3"/>
              </lines>
            </method>
            <method name="createPushToken" hits="3" signature="()V">
              <lines>
                <line number="557" hits="3"/>
              </lines>
            </method>
            <method name="deletePushToken" hits="2" signature="()V">
              <lines>
                <line number="592" hits="2"/>
              </lines>
            </method>
            <method name="validateEmail" hits="3" signature="()V">
              <lines>
                <line number="617" hits="3"/>
              </lines>
            </method>
            <method name="(anonymous_16)" hits="1" signature="()V">
              <lines>
                <line number="647" hits="1"/>
              </lines>
            </method>
            <method name="confirmEmail" hits="5" signature="()V">
              <lines>
                <line number="658" hits="5"/>
              </lines>
            </method>
            <method name="resendLink" hits="5" signature="()V">
              <lines>
                <line number="710" hits="5"/>
              </lines>
            </method>
            <method name="update" hits="4" signature="()V">
              <lines>
                <line number="771" hits="4"/>
              </lines>
            </method>
            <method name="updateEmailNotifications" hits="3" signature="()V">
              <lines>
                <line number="832" hits="3"/>
              </lines>
            </method>
            <method name="updateLanguage" hits="3" signature="()V">
              <lines>
                <line number="869" hits="3"/>
              </lines>
            </method>
            <method name="getUser" hits="6" signature="()V">
              <lines>
                <line number="902" hits="6"/>
              </lines>
            </method>
            <method name="createAvatar" hits="2" signature="()V">
              <lines>
                <line number="947" hits="2"/>
              </lines>
            </method>
            <method name="updateAvatar" hits="4" signature="()V">
              <lines>
                <line number="973" hits="4"/>
              </lines>
            </method>
            <method name="deleteAvatar" hits="3" signature="()V">
              <lines>
                <line number="1020" hits="3"/>
              </lines>
            </method>
            <method name="deleteTempAvatar" hits="2" signature="()V">
              <lines>
                <line number="1056" hits="2"/>
              </lines>
            </method>
            <method name="changePassword" hits="7" signature="()V">
              <lines>
                <line number="1083" hits="7"/>
              </lines>
            </method>
            <method name="(anonymous_28)" hits="2" signature="()V">
              <lines>
                <line number="1108" hits="2"/>
              </lines>
            </method>
            <method name="checkPassword" hits="5" signature="()V">
              <lines>
                <line number="1142" hits="5"/>
              </lines>
            </method>
            <method name="getUsers" hits="2" signature="()V">
              <lines>
                <line number="1182" hits="2"/>
              </lines>
            </method>
            <method name="deleteUsers" hits="4" signature="()V">
              <lines>
                <line number="1258" hits="4"/>
              </lines>
            </method>
            <method name="(anonymous_32)" hits="5" signature="()V">
              <lines>
                <line number="1261" hits="5"/>
              </lines>
            </method>
            <method name="(anonymous_33)" hits="1" signature="()V">
              <lines>
                <line number="1277" hits="1"/>
              </lines>
            </method>
          </methods>
          <lines>
            <line number="30" hits="7" branch="false"/>
            <line number="31" hits="7" branch="false"/>
            <line number="39" hits="7" branch="false"/>
            <line number="51" hits="3" branch="false"/>
            <line number="53" hits="3" branch="false"/>
            <line number="54" hits="3" branch="false"/>
            <line number="55" hits="3" branch="false"/>
            <line number="56" hits="3" branch="false"/>
            <line number="57" hits="3" branch="false"/>
            <line number="59" hits="3" branch="false"/>
            <line number="60" hits="3" branch="false"/>
            <line number="61" hits="3" branch="false"/>
            <line number="62" hits="2" branch="false"/>
            <line number="64" hits="2" branch="false"/>
            <line number="65" hits="2" branch="false"/>
            <line number="67" hits="2" branch="true" condition-coverage="100% (2/2)"/>
            <line number="68" hits="1" branch="false"/>
            <line number="69" hits="1" branch="true" condition-coverage="50% (1/2)"/>
            <line number="70" hits="1" branch="false"/>
            <line number="71" hits="1" branch="false"/>
            <line number="73" hits="1" branch="false"/>
            <line number="74" hits="1" branch="false"/>
            <line number="75" hits="1" branch="false"/>
            <line number="80" hits="2" branch="false"/>
            <line number="82" hits="2" branch="false"/>
            <line number="85" hits="2" branch="false"/>
            <line number="87" hits="2" branch="false"/>
            <line number="99" hits="2" branch="false"/>
            <line number="100" hits="2" branch="false"/>
            <line number="102" hits="1" branch="false"/>
            <line number="103" hits="1" branch="false"/>
            <line number="116" hits="2" branch="false"/>
            <line number="128" hits="1" branch="false"/>
            <line number="141" hits="4" branch="false"/>
            <line number="143" hits="4" branch="false"/>
            <line number="144" hits="4" branch="false"/>
            <line number="145" hits="4" branch="false"/>
[...]
            <line number="116" hits="7" branch="false"/>
            <line number="118" hits="7" branch="false"/>
            <line number="119" hits="8" branch="true" condition-coverage="50% (1/2)"/>
            <line number="120" hits="0" branch="false"/>
            <line number="122" hits="8" branch="false"/>
          </lines>
        </class>
        <class name="Location.ts" filename="src\models\Location.ts" line-rate="0.8571" branch-rate="0.75">
          <methods>
            <method name="(anonymous_0)" hits="7" signature="()V">
              <lines>
                <line number="9" hits="7"/>
              </lines>
            </method>
            <method name="(anonymous_1)" hits="8" signature="()V">
              <lines>
                <line number="21" hits="8"/>
              </lines>
            </method>
          </methods>
          <lines>
            <line number="4" hits="7" branch="false"/>
            <line number="9" hits="7" branch="true" condition-coverage="100% (2/2)"/>
            <line number="19" hits="7" branch="false"/>
            <line number="21" hits="7" branch="false"/>
            <line number="22" hits="8" branch="true" condition-coverage="50% (1/2)"/>
            <line number="23" hits="0" branch="false"/>
            <line number="25" hits="8" branch="false"/>
          </lines>
        </class>
        <class name="LocationValue.ts" filename="src\models\LocationValue.ts" line-rate="0.8332999999999999" branch-rate="0.5">
          <methods>
            <method name="(anonymous_0)" hits="8" signature="()V">
              <lines>
                <line number="31" hits="8"/>
              </lines>
            </method>
          </methods>
          <lines>
            <line number="4" hits="7" branch="false"/>
            <line number="29" hits="7" branch="false"/>
            <line number="31" hits="7" branch="false"/>
            <line number="32" hits="8" branch="true" condition-coverage="50% (1/2)"/>
            <line number="33" hits="0" branch="false"/>
            <line number="35" hits="8" branch="false"/>
          </lines>
        </class>
        <class name="Notification.ts" filename="src\models\Notification.ts" line-rate="0.8332999999999999" branch-rate="0.5">
          <methods>
            <method name="(anonymous_0)" hits="8" signature="()V">
              <lines>
                <line number="34" hits="8"/>
              </lines>
            </method>
          </methods>
          <lines>
            <line number="4" hits="7" branch="false"/>
            <line number="32" hits="7" branch="false"/>
            <line number="34" hits="7" branch="false"/>
            <line number="35" hits="8" branch="true" condition-coverage="50% (1/2)"/>
            <line number="36" hits="0" branch="false"/>
            <line number="38" hits="8" branch="false"/>
          </lines>
        </class>
        <class name="NotificationCounter.ts" filename="src\models\NotificationCounter.ts" line-rate="0.8332999999999999" branch-rate="0.5">
          <methods>
            <method name="(anonymous_0)" hits="8" signature="()V">
              <lines>
                <line number="30" hits="8"/>
              </lines>
            </method>
          </methods>
          <lines>
            <line number="4" hits="7" branch="false"/>
            <line number="28" hits="7" branch="false"/>
            <line number="30" hits="7" branch="false"/>
            <line number="31" hits="8" branch="true" condition-coverage="50% (1/2)"/>
            <line number="32" hits="0" branch="false"/>
            <line number="34" hits="8" branch="false"/>
          </lines>
        </class>
        <class name="PushNotification.ts" filename="src\models\PushNotification.ts" line-rate="0.8332999999999999" branch-rate="0.5">
          <methods>
            <method name="(anonymous_0)" hits="8" signature="()V">
              <lines>
                <line number="26" hits="8"/>
              </lines>
            </method>
          </methods>
          <lines>
            <line number="4" hits="7" branch="false"/>
            <line number="24" hits="7" branch="false"/>
            <line number="26" hits="7" branch="false"/>
            <line number="27" hits="8" branch="true" condition-coverage="50% (1/2)"/>
            <line number="28" hits="0" branch="false"/>
            <line number="30" hits="8" branch="false"/>
          </lines>
        </class>
        <class name="Token.ts" filename="src\models\Token.ts" line-rate="0.8332999999999999" branch-rate="0.5">
          <methods>
            <method name="(anonymous_0)" hits="8" signature="()V">
              <lines>
                <line number="29" hits="8"/>
              </lines>
            </method>
          </methods>
          <lines>
            <line number="4" hits="7" branch="false"/>
            <line number="27" hits="7" branch="false"/>
            <line number="29" hits="7" branch="false"/>
            <line number="30" hits="8" branch="true" condition-coverage="50% (1/2)"/>
            <line number="31" hits="0" branch="false"/>
            <line number="33" hits="8" branch="false"/>
          </lines>
        </class>
        <class name="User.ts" filename="src\models\User.ts" line-rate="0.7777" branch-rate="0.5">
          <methods>
            <method name="(anonymous_0)" hits="24" signature="()V">
              <lines>
                <line number="24" hits="24"/>
              </lines>
            </method>
            <method name="(anonymous_1)" hits="8" signature="()V">
              <lines>
                <line number="112" hits="8"/>
              </lines>
            </method>
          </methods>
          <lines>
            <line number="6" hits="7" branch="false"/>
            <line number="26" hits="24" branch="true" condition-coverage="50% (1/2)"/>
            <line number="27" hits="0" branch="false"/>
            <line number="31" hits="24" branch="false"/>
            <line number="110" hits="7" branch="false"/>
            <line number="112" hits="7" branch="false"/>
            <line number="113" hits="8" branch="true" condition-coverage="50% (1/2)"/>
            <line number="114" hits="0" branch="false"/>
            <line number="116" hits="8" branch="false"/>
          </lines>
        </class>
      </classes>
    </package>
    <package name="src.routes" line-rate="1" branch-rate="1">
      <classes>
        <class name="bookingRoutes.ts" filename="src\routes\bookingRoutes.ts" line-rate="1" branch-rate="1">
          <methods>
          </methods>
          <lines>
            <line number="6" hits="7" branch="false"/>
            <line number="8" hits="7" branch="false"/>
            <line number="9" hits="7" branch="false"/>
            <line number="10" hits="7" branch="false"/>
            <line number="11" hits="7" branch="false"/>
            <line number="12" hits="7" branch="false"/>
            <line number="13" hits="7" branch="false"/>
            <line number="14" hits="7" branch="false"/>
            <line number="15" hits="7" branch="false"/>
            <line number="16" hits="7" branch="false"/>
          </lines>
        </class>
        <class name="carRoutes.ts" filename="src\routes\carRoutes.ts" line-rate="1" branch-rate="1">
          <methods>
          </methods>
          <lines>
            <line number="7" hits="7" branch="false"/>
            <line number="9" hits="7" branch="false"/>
            <line number="10" hits="7" branch="false"/>
            <line number="11" hits="7" branch="false"/>
            <line number="12" hits="7" branch="false"/>
            <line number="13" hits="7" branch="false"/>
            <line number="14" hits="7" branch="false"/>
            <line number="15" hits="7" branch="false"/>
            <line number="16" hits="7" branch="false"/>
            <line number="17" hits="7" branch="false"/>
            <line number="18" hits="7" branch="false"/>
            <line number="19" hits="7" branch="false"/>
            <line number="20" hits="7" branch="false"/>
          </lines>
        </class>
        <class name="locationRoutes.ts" filename="src\routes\locationRoutes.ts" line-rate="1" branch-rate="1">
          <methods>
          </methods>
          <lines>
            <line number="6" hits="7" branch="false"/>
            <line number="8" hits="7" branch="false"/>
            <line number="9" hits="7" branch="false"/>
            <line number="10" hits="7" branch="false"/>
            <line number="11" hits="7" branch="false"/>
            <line number="12" hits="7" branch="false"/>
            <line number="13" hits="7" branch="false"/>
            <line number="14" hits="7" branch="false"/>
          </lines>
        </class>
        <class name="notificationRoutes.ts" filename="src\routes\notificationRoutes.ts" line-rate="1" branch-rate="1">
          <methods>
          </methods>
          <lines>
            <line number="6" hits="7" branch="false"/>
            <line number="8" hits="7" branch="false"/>
            <line number="9" hits="7" branch="false"/>
            <line number="10" hits="7" branch="false"/>
            <line number="11" hits="7" branch="false"/>
            <line number="12" hits="7" branch="false"/>
          </lines>
        </class>
        <class name="supplierRoutes.ts" filename="src\routes\supplierRoutes.ts" line-rate="1" branch-rate="1">
          <methods>
          </methods>
          <lines>
            <line number="6" hits="7" branch="false"/>
            <line number="8" hits="7" branch="false"/>
            <line number="9" hits="7" branch="false"/>
            <line number="10" hits="7" branch="false"/>
            <line number="11" hits="7" branch="false"/>
            <line number="12" hits="7" branch="false"/>
            <line number="13" hits="7" branch="false"/>
          </lines>
        </class>
        <class name="userRoutes.ts" filename="src\routes\userRoutes.ts" line-rate="1" branch-rate="1">
          <methods>
          </methods>
          <lines>
            <line number="7" hits="7" branch="false"/>
            <line number="9" hits="7" branch="false"/>
            <line number="10" hits="7" branch="false"/>
            <line number="11" hits="7" branch="false"/>
            <line number="12" hits="7" branch="false"/>
            <line number="13" hits="7" branch="false"/>
            <line number="14" hits="7" branch="false"/>
            <line number="15" hits="7" branch="false"/>
            <line number="16" hits="7" branch="false"/>
            <line number="17" hits="7" branch="false"/>
            <line number="18" hits="7" branch="false"/>
            <line number="19" hits="7" branch="false"/>
            <line number="20" hits="7" branch="false"/>
            <line number="21" hits="7" branch="false"/>
            <line number="22" hits="7" branch="false"/>
            <line number="23" hits="7" branch="false"/>
            <line number="24" hits="7" branch="false"/>
            <line number="25" hits="7" branch="false"/>
            <line number="26" hits="7" branch="false"/>
            <line number="27" hits="7" branch="false"/>
            <line number="28" hits="7" branch="false"/>
            <line number="29" hits="7" branch="false"/>
            <line number="30" hits="7" branch="false"/>
            <line number="31" hits="7" branch="false"/>
            <line number="32" hits="7" branch="false"/>
            <line number="33" hits="7" branch="false"/>
            <line number="34" hits="7" branch="false"/>
            <line number="35" hits="7" branch="false"/>
            <line number="36" hits="7" branch="false"/>
          </lines>
        </class>
      </classes>
    </package>
    <package name="tests" line-rate="1" branch-rate="0.5">
      <classes>
        <class name="TestHelper.ts" filename="tests\TestHelper.ts" line-rate="1" branch-rate="0.5">
          <methods>
            <method name="getName" hits="28" signature="()V">
              <lines>
                <line number="15" hits="28"/>
              </lines>
            </method>
            <method name="getSupplierName" hits="11" signature="()V">
              <lines>
                <line number="20" hits="11"/>
              </lines>
            </method>
            <method name="initialize" hits="7" signature="()V">
              <lines>
                <line number="35" hits="7"/>
              </lines>
            </method>
            <method name="(anonymous_3)" hits="95" signature="()V">
              <lines>
                <line number="57" hits="95"/>
              </lines>
            </method>
            <method name="getAdminUserId" hits="2" signature="()V">
              <lines>
                <line number="60" hits="2"/>
              </lines>
            </method>
            <method name="getUserId" hits="11" signature="()V">
              <lines>
                <line number="64" hits="11"/>
              </lines>
            </method>
            <method name="close" hits="7" signature="()V">
              <lines>
                <line number="68" hits="7"/>
              </lines>
            </method>
            <method name="getToken" hits="54" signature="()V">
              <lines>
                <line number="75" hits="54"/>
              </lines>
            </method>
            <method name="(anonymous_8)" hits="53" signature="()V">
              <lines>
                <line number="81" hits="53"/>
              </lines>
            </method>
            <method name="signinAsAdmin" hits="52" signature="()V">
              <lines>
                <line number="99" hits="52"/>
              </lines>
            </method>
            <method name="signinAsUser" hits="1" signature="()V">
              <lines>
                <line number="103" hits="1"/>
              </lines>
            </method>
            <method name="signout" hits="53" signature="()V">
              <lines>
                <line number="107" hits="53"/>
              </lines>
            </method>
            <method name="createSupplier" hits="9" signature="()V">
              <lines>
                <line number="118" hits="9"/>
              </lines>
            </method>
            <method name="deleteSupplier" hits="7" signature="()V">
              <lines>
                <line number="134" hits="7"/>
              </lines>
            </method>
            <method name="deleteLocation" hits="5" signature="()V">
              <lines>
                <line number="142" hits="5"/>
              </lines>
            </method>
            <method name="createLocation" hits="5" signature="()V">
              <lines>
                <line number="153" hits="5"/>
              </lines>
            </method>
            <method name="GetRandomEmail" hits="9" signature="()V">
              <lines>
                <line number="175" hits="9"/>
              </lines>
            </method>
            <method name="GetRandromObjectId" hits="32" signature="()V">
              <lines>
                <line number="179" hits="32"/>
              </lines>
            </method>
            <method name="GetRandromObjectIdAsString" hits="31" signature="()V">
              <lines>
                <line number="183" hits="31"/>
              </lines>
            </method>
          </methods>
          <lines>
            <line number="16" hits="28" branch="false"/>
            <line number="17" hits="28" branch="false"/>
            <line number="21" hits="11" branch="false"/>
            <line number="24" hits="7" branch="false"/>
            <line number="25" hits="7" branch="false"/>
            <line number="26" hits="7" branch="false"/>
            <line number="27" hits="7" branch="false"/>
            <line number="28" hits="7" branch="false"/>
            <line number="29" hits="7" branch="false"/>
            <line number="30" hits="7" branch="false"/>
            <line number="36" hits="7" branch="false"/>
            <line number="37" hits="7" branch="false"/>
            <line number="38" hits="7" branch="false"/>
            <line number="46" hits="7" branch="false"/>
            <line number="47" hits="7" branch="false"/>
            <line number="48" hits="7" branch="false"/>
            <line number="49" hits="7" branch="false"/>
            <line number="52" hits="7" branch="false"/>
            <line number="53" hits="7" branch="false"/>
            <line number="54" hits="7" branch="false"/>
            <line number="55" hits="7" branch="false"/>
            <line number="57" hits="7" branch="false"/>
            <line number="61" hits="2" branch="false"/>
            <line number="65" hits="11" branch="false"/>
            <line number="69" hits="7" branch="false"/>
            <line number="70" hits="7" branch="false"/>
            <line number="71" hits="7" branch="false"/>
            <line number="72" hits="7" branch="false"/>
            <line number="76" hits="54" branch="false"/>
            <line number="77" hits="54" branch="true" condition-coverage="50% (1/2)"/>
            <line number="78" hits="54" branch="false"/>
            <line number="81" hits="7" branch="false"/>
            <line number="82" hits="53" branch="false"/>
            <line number="87" hits="53" branch="false"/>
            <line number="91" hits="53" branch="false"/>
            <line number="92" hits="53" branch="false"/>
            <line number="93" hits="53" branch="false"/>
            <line number="94" hits="53" branch="false"/>
            <line number="95" hits="53" branch="false"/>
            <line number="96" hits="53" branch="false"/>
            <line number="100" hits="52" branch="false"/>
            <line number="104" hits="1" branch="false"/>
            <line number="108" hits="53" branch="false"/>
            <line number="111" hits="53" branch="false"/>
            <line number="113" hits="53" branch="false"/>
            <line number="114" hits="53" branch="false"/>
            <line number="115" hits="53" branch="false"/>
            <line number="119" hits="9" branch="false"/>
            <line number="120" hits="9" branch="false"/>
            <line number="121" hits="9" branch="false"/>
            <line number="128" hits="9" branch="false"/>
            <line number="129" hits="9" branch="false"/>
            <line number="130" hits="9" branch="false"/>
            <line number="131" hits="9" branch="false"/>
            <line number="135" hits="7" branch="false"/>
            <line number="136" hits="7" branch="false"/>
            <line number="138" hits="7" branch="false"/>
            <line number="139" hits="7" branch="false"/>
            <line number="143" hits="5" branch="false"/>
            <line number="144" hits="5" branch="false"/>
            <line number="146" hits="5" branch="false"/>
            <line number="147" hits="5" branch="false"/>
            <line number="149" hits="5" branch="false"/>
            <line number="150" hits="5" branch="false"/>
            <line number="154" hits="5" branch="false"/>
            <line number="158" hits="5" branch="false"/>
            <line number="159" hits="5" branch="false"/>
            <line number="161" hits="5" branch="false"/>
            <line number="165" hits="5" branch="false"/>
            <line number="166" hits="5" branch="false"/>
            <line number="168" hits="5" branch="false"/>
            <line number="169" hits="5" branch="false"/>
            <line number="170" hits="5" branch="false"/>
            <line number="171" hits="5" branch="false"/>
            <line number="172" hits="5" branch="false"/>
            <line number="176" hits="9" branch="false"/>
            <line number="180" hits="32" branch="false"/>
            <line number="184" hits="31" branch="false"/>
          </lines>
        </class>
      </classes>
    </package>
  </packages>
</coverage>
